This is pdfTeX, Version 3.14159265-2.6-1.40.17 (TeX Live 2016/Debian) (preloaded format=pdflatex 2017.11.5)  23 JUN 2018 19:55
entering extended mode
 restricted \write18 enabled.
 %&-line parsing enabled.
**cashew-security.tex
(./cashew-security.tex
LaTeX2e <2016/03/31> patch level 3
Babel <3.9r> and hyphenation patterns for 6 language(s) loaded.
(/usr/share/texlive/texmf-dist/tex/latex/base/article.cls
Document Class: article 2014/09/29 v1.4h Standard LaTeX document class
(/usr/share/texlive/texmf-dist/tex/latex/base/size10.clo
File: size10.clo 2014/09/29 v1.4h Standard LaTeX file (size option)
)
\c@part=\count79
\c@section=\count80
\c@subsection=\count81
\c@subsubsection=\count82
\c@paragraph=\count83
\c@subparagraph=\count84
\c@figure=\count85
\c@table=\count86
\abovecaptionskip=\skip41
\belowcaptionskip=\skip42
\bibindent=\dimen102
)
(/usr/share/texlive/texmf-dist/tex/latex/graphics/graphicx.sty
Package: graphicx 2014/10/28 v1.0g Enhanced LaTeX Graphics (DPC,SPQR)

(/usr/share/texlive/texmf-dist/tex/latex/graphics/keyval.sty
Package: keyval 2014/10/28 v1.15 key=value parser (DPC)
\KV@toks@=\toks14
)
(/usr/share/texlive/texmf-dist/tex/latex/graphics/graphics.sty
Package: graphics 2016/07/10 v1.0t Standard LaTeX Graphics (DPC,SPQR)

(/usr/share/texlive/texmf-dist/tex/latex/graphics/trig.sty
Package: trig 2016/01/03 v1.10 sin cos tan (DPC)
)
(/usr/share/texlive/texmf-dist/tex/latex/graphics-cfg/graphics.cfg
File: graphics.cfg 2016/06/04 v1.11 sample graphics configuration
)
Package graphics Info: Driver file: pdftex.def on input line 99.

(/usr/share/texlive/texmf-dist/tex/latex/graphics-def/pdftex.def
File: pdftex.def 2016/07/10 v0.06j Graphics/color for pdfTeX

(/usr/share/texlive/texmf-dist/tex/generic/oberdiek/infwarerr.sty
Package: infwarerr 2016/05/16 v1.4 Providing info/warning/error messages (HO)
)
(/usr/share/texlive/texmf-dist/tex/generic/oberdiek/ltxcmds.sty
Package: ltxcmds 2016/05/16 v1.23 LaTeX kernel commands for general use (HO)
)
\Gread@gobject=\count87
))
\Gin@req@height=\dimen103
\Gin@req@width=\dimen104
)
(/usr/share/texlive/texmf-dist/tex/latex/graphics/color.sty
Package: color 2016/07/10 v1.1e Standard LaTeX Color (DPC)

(/usr/share/texlive/texmf-dist/tex/latex/graphics-cfg/color.cfg
File: color.cfg 2016/01/02 v1.6 sample color configuration
)
Package color Info: Driver file: pdftex.def on input line 147.
)
(/usr/share/texlive/texmf-dist/tex/latex/framed/framed.sty
Package: framed 2011/10/22 v 0.96: framed or shaded text with page breaks
\OuterFrameSep=\skip43
\fb@frw=\dimen105
\fb@frh=\dimen106
\FrameRule=\dimen107
\FrameSep=\dimen108
)
(/usr/share/texlive/texmf-dist/tex/latex/base/alltt.sty
Package: alltt 1997/06/16 v2.0g defines alltt environment
)
(/usr/share/texlive/texmf-dist/tex/latex/preprint/authblk.sty
Package: authblk 2001/02/27 1.3 (PWD)
\affilsep=\skip44
\@affilsep=\skip45
\c@Maxaffil=\count88
\c@authors=\count89
\c@affil=\count90
)
(/usr/share/texlive/texmf-dist/tex/latex/float/float.sty
Package: float 2001/11/08 v1.3d Float enhancements (AL)
\c@float@type=\count91
\float@exts=\toks15
\float@box=\box26
\@float@everytoks=\toks16
\@floatcapt=\box27
)
(/usr/share/texlive/texmf-dist/tex/latex/multirow/multirow.sty
\bigstrutjot=\dimen109
)
(/usr/share/texlive/texmf-dist/tex/latex/base/inputenc.sty
Package: inputenc 2015/03/17 v1.2c Input encoding file
\inpenc@prehook=\toks17
\inpenc@posthook=\toks18

(/usr/share/texlive/texmf-dist/tex/latex/base/utf8.def
File: utf8.def 2016/02/28 v1.1s UTF-8 support for inputenc
Now handling font encoding OML ...
... no UTF-8 mapping file for font encoding OML
Now handling font encoding T1 ...
... processing UTF-8 mapping file for font encoding T1

(/usr/share/texlive/texmf-dist/tex/latex/base/t1enc.dfu
File: t1enc.dfu 2016/02/28 v1.1s UTF-8 support for inputenc
   defining Unicode char U+00A0 (decimal 160)
   defining Unicode char U+00A1 (decimal 161)
   defining Unicode char U+00A3 (decimal 163)
   defining Unicode char U+00AB (decimal 171)
   defining Unicode char U+00AD (decimal 173)
   defining Unicode char U+00BB (decimal 187)
   defining Unicode char U+00BF (decimal 191)
   defining Unicode char U+00C0 (decimal 192)
   defining Unicode char U+00C1 (decimal 193)
   defining Unicode char U+00C2 (decimal 194)
   defining Unicode char U+00C3 (decimal 195)
   defining Unicode char U+00C4 (decimal 196)
   defining Unicode char U+00C5 (decimal 197)
   defining Unicode char U+00C6 (decimal 198)
   defining Unicode char U+00C7 (decimal 199)
   defining Unicode char U+00C8 (decimal 200)
   defining Unicode char U+00C9 (decimal 201)
   defining Unicode char U+00CA (decimal 202)
   defining Unicode char U+00CB (decimal 203)
   defining Unicode char U+00CC (decimal 204)
   defining Unicode char U+00CD (decimal 205)
   defining Unicode char U+00CE (decimal 206)
   defining Unicode char U+00CF (decimal 207)
   defining Unicode char U+00D0 (decimal 208)
   defining Unicode char U+00D1 (decimal 209)
   defining Unicode char U+00D2 (decimal 210)
   defining Unicode char U+00D3 (decimal 211)
   defining Unicode char U+00D4 (decimal 212)
   defining Unicode char U+00D5 (decimal 213)
   defining Unicode char U+00D6 (decimal 214)
   defining Unicode char U+00D8 (decimal 216)
   defining Unicode char U+00D9 (decimal 217)
   defining Unicode char U+00DA (decimal 218)
   defining Unicode char U+00DB (decimal 219)
   defining Unicode char U+00DC (decimal 220)
   defining Unicode char U+00DD (decimal 221)
   defining Unicode char U+00DE (decimal 222)
   defining Unicode char U+00DF (decimal 223)
   defining Unicode char U+00E0 (decimal 224)
   defining Unicode char U+00E1 (decimal 225)
   defining Unicode char U+00E2 (decimal 226)
   defining Unicode char U+00E3 (decimal 227)
   defining Unicode char U+00E4 (decimal 228)
   defining Unicode char U+00E5 (decimal 229)
   defining Unicode char U+00E6 (decimal 230)
   defining Unicode char U+00E7 (decimal 231)
   defining Unicode char U+00E8 (decimal 232)
   defining Unicode char U+00E9 (decimal 233)
   defining Unicode char U+00EA (decimal 234)
   defining Unicode char U+00EB (decimal 235)
   defining Unicode char U+00EC (decimal 236)
   defining Unicode char U+00ED (decimal 237)
   defining Unicode char U+00EE (decimal 238)
   defining Unicode char U+00EF (decimal 239)
   defining Unicode char U+00F0 (decimal 240)
   defining Unicode char U+00F1 (decimal 241)
   defining Unicode char U+00F2 (decimal 242)
   defining Unicode char U+00F3 (decimal 243)
   defining Unicode char U+00F4 (decimal 244)
   defining Unicode char U+00F5 (decimal 245)
   defining Unicode char U+00F6 (decimal 246)
   defining Unicode char U+00F8 (decimal 248)
   defining Unicode char U+00F9 (decimal 249)
   defining Unicode char U+00FA (decimal 250)
   defining Unicode char U+00FB (decimal 251)
   defining Unicode char U+00FC (decimal 252)
   defining Unicode char U+00FD (decimal 253)
   defining Unicode char U+00FE (decimal 254)
   defining Unicode char U+00FF (decimal 255)
   defining Unicode char U+0100 (decimal 256)
   defining Unicode char U+0101 (decimal 257)
   defining Unicode char U+0102 (decimal 258)
   defining Unicode char U+0103 (decimal 259)
   defining Unicode char U+0104 (decimal 260)
   defining Unicode char U+0105 (decimal 261)
   defining Unicode char U+0106 (decimal 262)
   defining Unicode char U+0107 (decimal 263)
   defining Unicode char U+0108 (decimal 264)
   defining Unicode char U+0109 (decimal 265)
   defining Unicode char U+010A (decimal 266)
   defining Unicode char U+010B (decimal 267)
   defining Unicode char U+010C (decimal 268)
   defining Unicode char U+010D (decimal 269)
   defining Unicode char U+010E (decimal 270)
   defining Unicode char U+010F (decimal 271)
   defining Unicode char U+0110 (decimal 272)
   defining Unicode char U+0111 (decimal 273)
   defining Unicode char U+0112 (decimal 274)
   defining Unicode char U+0113 (decimal 275)
   defining Unicode char U+0114 (decimal 276)
   defining Unicode char U+0115 (decimal 277)
   defining Unicode char U+0116 (decimal 278)
   defining Unicode char U+0117 (decimal 279)
   defining Unicode char U+0118 (decimal 280)
   defining Unicode char U+0119 (decimal 281)
   defining Unicode char U+011A (decimal 282)
   defining Unicode char U+011B (decimal 283)
   defining Unicode char U+011C (decimal 284)
   defining Unicode char U+011D (decimal 285)
   defining Unicode char U+011E (decimal 286)
   defining Unicode char U+011F (decimal 287)
   defining Unicode char U+0120 (decimal 288)
   defining Unicode char U+0121 (decimal 289)
   defining Unicode char U+0122 (decimal 290)
   defining Unicode char U+0123 (decimal 291)
   defining Unicode char U+0124 (decimal 292)
   defining Unicode char U+0125 (decimal 293)
   defining Unicode char U+0128 (decimal 296)
   defining Unicode char U+0129 (decimal 297)
   defining Unicode char U+012A (decimal 298)
   defining Unicode char U+012B (decimal 299)
   defining Unicode char U+012C (decimal 300)
   defining Unicode char U+012D (decimal 301)
   defining Unicode char U+012E (decimal 302)
   defining Unicode char U+012F (decimal 303)
   defining Unicode char U+0130 (decimal 304)
   defining Unicode char U+0131 (decimal 305)
   defining Unicode char U+0132 (decimal 306)
   defining Unicode char U+0133 (decimal 307)
   defining Unicode char U+0134 (decimal 308)
   defining Unicode char U+0135 (decimal 309)
   defining Unicode char U+0136 (decimal 310)
   defining Unicode char U+0137 (decimal 311)
   defining Unicode char U+0139 (decimal 313)
   defining Unicode char U+013A (decimal 314)
   defining Unicode char U+013B (decimal 315)
   defining Unicode char U+013C (decimal 316)
   defining Unicode char U+013D (decimal 317)
   defining Unicode char U+013E (decimal 318)
   defining Unicode char U+0141 (decimal 321)
   defining Unicode char U+0142 (decimal 322)
   defining Unicode char U+0143 (decimal 323)
   defining Unicode char U+0144 (decimal 324)
   defining Unicode char U+0145 (decimal 325)
   defining Unicode char U+0146 (decimal 326)
   defining Unicode char U+0147 (decimal 327)
   defining Unicode char U+0148 (decimal 328)
   defining Unicode char U+014A (decimal 330)
   defining Unicode char U+014B (decimal 331)
   defining Unicode char U+014C (decimal 332)
   defining Unicode char U+014D (decimal 333)
   defining Unicode char U+014E (decimal 334)
   defining Unicode char U+014F (decimal 335)
   defining Unicode char U+0150 (decimal 336)
   defining Unicode char U+0151 (decimal 337)
   defining Unicode char U+0152 (decimal 338)
   defining Unicode char U+0153 (decimal 339)
   defining Unicode char U+0154 (decimal 340)
   defining Unicode char U+0155 (decimal 341)
   defining Unicode char U+0156 (decimal 342)
   defining Unicode char U+0157 (decimal 343)
   defining Unicode char U+0158 (decimal 344)
   defining Unicode char U+0159 (decimal 345)
   defining Unicode char U+015A (decimal 346)
   defining Unicode char U+015B (decimal 347)
   defining Unicode char U+015C (decimal 348)
   defining Unicode char U+015D (decimal 349)
   defining Unicode char U+015E (decimal 350)
   defining Unicode char U+015F (decimal 351)
   defining Unicode char U+0160 (decimal 352)
   defining Unicode char U+0161 (decimal 353)
   defining Unicode char U+0162 (decimal 354)
   defining Unicode char U+0163 (decimal 355)
   defining Unicode char U+0164 (decimal 356)
   defining Unicode char U+0165 (decimal 357)
   defining Unicode char U+0168 (decimal 360)
   defining Unicode char U+0169 (decimal 361)
   defining Unicode char U+016A (decimal 362)
   defining Unicode char U+016B (decimal 363)
   defining Unicode char U+016C (decimal 364)
   defining Unicode char U+016D (decimal 365)
   defining Unicode char U+016E (decimal 366)
   defining Unicode char U+016F (decimal 367)
   defining Unicode char U+0170 (decimal 368)
   defining Unicode char U+0171 (decimal 369)
   defining Unicode char U+0172 (decimal 370)
   defining Unicode char U+0173 (decimal 371)
   defining Unicode char U+0174 (decimal 372)
   defining Unicode char U+0175 (decimal 373)
   defining Unicode char U+0176 (decimal 374)
   defining Unicode char U+0177 (decimal 375)
   defining Unicode char U+0178 (decimal 376)
   defining Unicode char U+0179 (decimal 377)
   defining Unicode char U+017A (decimal 378)
   defining Unicode char U+017B (decimal 379)
   defining Unicode char U+017C (decimal 380)
   defining Unicode char U+017D (decimal 381)
   defining Unicode char U+017E (decimal 382)
   defining Unicode char U+01CD (decimal 461)
   defining Unicode char U+01CE (decimal 462)
   defining Unicode char U+01CF (decimal 463)
   defining Unicode char U+01D0 (decimal 464)
   defining Unicode char U+01D1 (decimal 465)
   defining Unicode char U+01D2 (decimal 466)
   defining Unicode char U+01D3 (decimal 467)
   defining Unicode char U+01D4 (decimal 468)
   defining Unicode char U+01E2 (decimal 482)
   defining Unicode char U+01E3 (decimal 483)
   defining Unicode char U+01E6 (decimal 486)
   defining Unicode char U+01E7 (decimal 487)
   defining Unicode char U+01E8 (decimal 488)
   defining Unicode char U+01E9 (decimal 489)
   defining Unicode char U+01EA (decimal 490)
   defining Unicode char U+01EB (decimal 491)
   defining Unicode char U+01F0 (decimal 496)
   defining Unicode char U+01F4 (decimal 500)
   defining Unicode char U+01F5 (decimal 501)
   defining Unicode char U+0218 (decimal 536)
   defining Unicode char U+0219 (decimal 537)
   defining Unicode char U+021A (decimal 538)
   defining Unicode char U+021B (decimal 539)
   defining Unicode char U+1E02 (decimal 7682)
   defining Unicode char U+1E03 (decimal 7683)
   defining Unicode char U+200C (decimal 8204)
   defining Unicode char U+2010 (decimal 8208)
   defining Unicode char U+2011 (decimal 8209)
   defining Unicode char U+2012 (decimal 8210)
   defining Unicode char U+2013 (decimal 8211)
   defining Unicode char U+2014 (decimal 8212)
   defining Unicode char U+2015 (decimal 8213)
   defining Unicode char U+2018 (decimal 8216)
   defining Unicode char U+2019 (decimal 8217)
   defining Unicode char U+201A (decimal 8218)
   defining Unicode char U+201C (decimal 8220)
   defining Unicode char U+201D (decimal 8221)
   defining Unicode char U+201E (decimal 8222)
   defining Unicode char U+2030 (decimal 8240)
   defining Unicode char U+2031 (decimal 8241)
   defining Unicode char U+2039 (decimal 8249)
   defining Unicode char U+203A (decimal 8250)
   defining Unicode char U+2423 (decimal 9251)
)
Now handling font encoding OT1 ...
... processing UTF-8 mapping file for font encoding OT1

(/usr/share/texlive/texmf-dist/tex/latex/base/ot1enc.dfu
File: ot1enc.dfu 2016/02/28 v1.1s UTF-8 support for inputenc
   defining Unicode char U+00A0 (decimal 160)
   defining Unicode char U+00A1 (decimal 161)
   defining Unicode char U+00A3 (decimal 163)
   defining Unicode char U+00AD (decimal 173)
   defining Unicode char U+00B8 (decimal 184)
   defining Unicode char U+00BF (decimal 191)
   defining Unicode char U+00C5 (decimal 197)
   defining Unicode char U+00C6 (decimal 198)
   defining Unicode char U+00D8 (decimal 216)
   defining Unicode char U+00DF (decimal 223)
   defining Unicode char U+00E6 (decimal 230)
   defining Unicode char U+00EC (decimal 236)
   defining Unicode char U+00ED (decimal 237)
   defining Unicode char U+00EE (decimal 238)
   defining Unicode char U+00EF (decimal 239)
   defining Unicode char U+00F8 (decimal 248)
   defining Unicode char U+0131 (decimal 305)
   defining Unicode char U+0141 (decimal 321)
   defining Unicode char U+0142 (decimal 322)
   defining Unicode char U+0152 (decimal 338)
   defining Unicode char U+0153 (decimal 339)
   defining Unicode char U+0174 (decimal 372)
   defining Unicode char U+0175 (decimal 373)
   defining Unicode char U+0176 (decimal 374)
   defining Unicode char U+0177 (decimal 375)
   defining Unicode char U+0218 (decimal 536)
   defining Unicode char U+0219 (decimal 537)
   defining Unicode char U+021A (decimal 538)
   defining Unicode char U+021B (decimal 539)
   defining Unicode char U+2013 (decimal 8211)
   defining Unicode char U+2014 (decimal 8212)
   defining Unicode char U+2018 (decimal 8216)
   defining Unicode char U+2019 (decimal 8217)
   defining Unicode char U+201C (decimal 8220)
   defining Unicode char U+201D (decimal 8221)
)
Now handling font encoding OMS ...
... processing UTF-8 mapping file for font encoding OMS

(/usr/share/texlive/texmf-dist/tex/latex/base/omsenc.dfu
File: omsenc.dfu 2016/02/28 v1.1s UTF-8 support for inputenc
   defining Unicode char U+00A7 (decimal 167)
   defining Unicode char U+00B6 (decimal 182)
   defining Unicode char U+00B7 (decimal 183)
   defining Unicode char U+2020 (decimal 8224)
   defining Unicode char U+2021 (decimal 8225)
   defining Unicode char U+2022 (decimal 8226)
)
Now handling font encoding OMX ...
... no UTF-8 mapping file for font encoding OMX
Now handling font encoding U ...
... no UTF-8 mapping file for font encoding U
   defining Unicode char U+00A9 (decimal 169)
   defining Unicode char U+00AA (decimal 170)
   defining Unicode char U+00AE (decimal 174)
   defining Unicode char U+00BA (decimal 186)
   defining Unicode char U+02C6 (decimal 710)
   defining Unicode char U+02DC (decimal 732)
   defining Unicode char U+200C (decimal 8204)
   defining Unicode char U+2026 (decimal 8230)
   defining Unicode char U+2122 (decimal 8482)
   defining Unicode char U+2423 (decimal 9251)
))
(/usr/share/texlive/texmf-dist/tex/latex/upquote/upquote.sty
Package: upquote 2012/04/19 v1.3 upright-quote and grave-accent glyphs in verba
tim
)
(./cashew-security.aux)
\openout1 = `cashew-security.aux'.

LaTeX Font Info:    Checking defaults for OML/cmm/m/it on input line 57.
LaTeX Font Info:    ... okay on input line 57.
LaTeX Font Info:    Checking defaults for T1/cmr/m/n on input line 57.
LaTeX Font Info:    ... okay on input line 57.
LaTeX Font Info:    Checking defaults for OT1/cmr/m/n on input line 57.
LaTeX Font Info:    ... okay on input line 57.
LaTeX Font Info:    Checking defaults for OMS/cmsy/m/n on input line 57.
LaTeX Font Info:    ... okay on input line 57.
LaTeX Font Info:    Checking defaults for OMX/cmex/m/n on input line 57.
LaTeX Font Info:    ... okay on input line 57.
LaTeX Font Info:    Checking defaults for U/cmr/m/n on input line 57.
LaTeX Font Info:    ... okay on input line 57.

(/usr/share/texlive/texmf-dist/tex/context/base/mkii/supp-pdf.mkii
[Loading MPS to PDF converter (version 2006.09.02).]
\scratchcounter=\count92
\scratchdimen=\dimen110
\scratchbox=\box28
\nofMPsegments=\count93
\nofMParguments=\count94
\everyMPshowfont=\toks19
\MPscratchCnt=\count95
\MPscratchDim=\dimen111
\MPnumerator=\count96
\makeMPintoPDFobject=\count97
\everyMPtoPDFconversion=\toks20
) (/usr/share/texlive/texmf-dist/tex/generic/oberdiek/pdftexcmds.sty
Package: pdftexcmds 2016/05/21 v0.22 Utility functions of pdfTeX for LuaTeX (HO
)

(/usr/share/texlive/texmf-dist/tex/generic/oberdiek/ifluatex.sty
Package: ifluatex 2016/05/16 v1.4 Provides the ifluatex switch (HO)
Package ifluatex Info: LuaTeX not detected.
)
(/usr/share/texlive/texmf-dist/tex/generic/oberdiek/ifpdf.sty
Package: ifpdf 2016/05/14 v3.1 Provides the ifpdf switch
)
Package pdftexcmds Info: LuaTeX not detected.
Package pdftexcmds Info: \pdf@primitive is available.
Package pdftexcmds Info: \pdf@ifprimitive is available.
Package pdftexcmds Info: \pdfdraftmode found.
)
(/usr/share/texlive/texmf-dist/tex/latex/oberdiek/epstopdf-base.sty
Package: epstopdf-base 2016/05/15 v2.6 Base part for package epstopdf

(/usr/share/texlive/texmf-dist/tex/latex/oberdiek/grfext.sty
Package: grfext 2016/05/16 v1.2 Manage graphics extensions (HO)

(/usr/share/texlive/texmf-dist/tex/generic/oberdiek/kvdefinekeys.sty
Package: kvdefinekeys 2016/05/16 v1.4 Define keys (HO)
))
(/usr/share/texlive/texmf-dist/tex/latex/oberdiek/kvoptions.sty
Package: kvoptions 2016/05/16 v3.12 Key value format for package options (HO)

(/usr/share/texlive/texmf-dist/tex/generic/oberdiek/kvsetkeys.sty
Package: kvsetkeys 2016/05/16 v1.17 Key value parser (HO)

(/usr/share/texlive/texmf-dist/tex/generic/oberdiek/etexcmds.sty
Package: etexcmds 2016/05/16 v1.6 Avoid name clashes with e-TeX commands (HO)
Package etexcmds Info: Could not find \expanded.
(etexcmds)             That can mean that you are not using pdfTeX 1.50 or
(etexcmds)             that some package has redefined \expanded.
(etexcmds)             In the latter case, load this package earlier.
)))
Package epstopdf-base Info: Redefining graphics rule for `.eps' on input line 4
38.
Package grfext Info: Graphics extension search list:
(grfext)             [.png,.pdf,.jpg,.mps,.jpeg,.jbig2,.jb2,.PNG,.PDF,.JPG,.JPE
G,.JBIG2,.JB2,.eps]
(grfext)             \AppendGraphicsExtensions on input line 456.

(/usr/share/texlive/texmf-dist/tex/latex/latexconfig/epstopdf-sys.cfg
File: epstopdf-sys.cfg 2010/07/13 v1.3 Configuration of (r)epstopdf for TeX Liv
e
))
Package color Info: Redefining color shadecolor on input line 74.

<figure/overview_sumTime-1.pdf, id=1, 505.89pt x 505.89pt>
File: figure/overview_sumTime-1.pdf Graphic file (type pdf)

<use figure/overview_sumTime-1.pdf>
Package pdftex.def Info: figure/overview_sumTime-1.pdf used on input line 75.
(pdftex.def)             Requested size: 345.0pt x 345.00414pt.
Package color Info: Redefining color shadecolor on input line 79.

<figure/overview_hits-1.pdf, id=2, 505.89pt x 505.89pt> [1

{/var/lib/texmf/fonts/map/pdftex/updmap/pdftex.map}]
File: figure/overview_hits-1.pdf Graphic file (type pdf)
 <use figure/overview_hits-1.pdf>
Package pdftex.def Info: figure/overview_hits-1.pdf used on input line 80.
(pdftex.def)             Requested size: 345.0pt x 345.00414pt.

Overfull \hbox (15.0pt too wide) in paragraph at lines 80--81
[][] 
 []

Package color Info: Redefining color shadecolor on input line 84.
<figure/overview_misses-1.pdf, id=12, 505.89pt x 505.89pt> [2 <./figure/overvie
w_sumTime-1.pdf>]
File: figure/overview_misses-1.pdf Graphic file (type pdf)
 <use figure/overview_misses-1.pdf>
Package pdftex.def Info: figure/overview_misses-1.pdf used on input line 85.
(pdftex.def)             Requested size: 345.0pt x 345.00414pt.

Overfull \hbox (15.0pt too wide) in paragraph at lines 85--86
[][] 
 []

Package color Info: Redefining color shadecolor on input line 89.
<figure/overview_hitsMissesRatio-1.pdf, id=21, 505.89pt x 505.89pt> [3 <./figur
e/overview_hits-1.pdf>]
File: figure/overview_hitsMissesRatio-1.pdf Graphic file (type pdf)
 <use figure/overview_hitsMissesRatio-1.pdf>
Package pdftex.def Info: figure/overview_hitsMissesRatio-1.pdf used on input li
ne 90.
(pdftex.def)             Requested size: 345.0pt x 345.00414pt.

Overfull \hbox (15.0pt too wide) in paragraph at lines 90--91
[][] 
 []

[4 <./figure/overview_misses-1.pdf>]
Package color Info: Redefining color shadecolor on input line 99.

<figure/password-1.pdf, id=38, 505.89pt x 505.89pt>
File: figure/password-1.pdf Graphic file (type pdf)

<use figure/password-1.pdf>
Package pdftex.def Info: figure/password-1.pdf used on input line 100.
(pdftex.def)             Requested size: 345.0pt x 345.00414pt.

<figure/password-2.pdf, id=39, 505.89pt x 505.89pt> [5 <./figure/overview_hitsM
issesRatio-1.pdf>]
File: figure/password-2.pdf Graphic file (type pdf)
 <use figure/password-2.pdf>
Package pdftex.def Info: figure/password-2.pdf used on input line 102.
(pdftex.def)             Requested size: 345.0pt x 345.00414pt.

Overfull \hbox (15.0pt too wide) in paragraph at lines 102--103
[][] 
 []

<figure/password-3.pdf, id=49, 505.89pt x 505.89pt> [6 <./figure/password-1.pdf
>]
File: figure/password-3.pdf Graphic file (type pdf)
 <use figure/password-3.pdf>
Package pdftex.def Info: figure/password-3.pdf used on input line 104.
(pdftex.def)             Requested size: 345.0pt x 345.00414pt.

Overfull \hbox (15.0pt too wide) in paragraph at lines 104--105
[][] 
 []

<figure/password-4.pdf, id=61, 505.89pt x 505.89pt> [7 <./figure/password-2.pdf
>]
File: figure/password-4.pdf Graphic file (type pdf)
 <use figure/password-4.pdf>
Package pdftex.def Info: figure/password-4.pdf used on input line 106.
(pdftex.def)             Requested size: 345.0pt x 345.00414pt.

Overfull \hbox (15.0pt too wide) in paragraph at lines 106--107
[][] 
 []

[8 <./figure/password-3.pdf>]
Package color Info: Redefining color shadecolor on input line 111.

<figure/password2-1.pdf, id=85, 505.89pt x 505.89pt>
File: figure/password2-1.pdf Graphic file (type pdf)

<use figure/password2-1.pdf>
Package pdftex.def Info: figure/password2-1.pdf used on input line 112.
(pdftex.def)             Requested size: 345.0pt x 345.00414pt.

<figure/password2-2.pdf, id=86, 505.89pt x 505.89pt> [9 <./figure/password-4.pd
f>]
File: figure/password2-2.pdf Graphic file (type pdf)
 <use figure/password2-2.pdf>
Package pdftex.def Info: figure/password2-2.pdf used on input line 114.
(pdftex.def)             Requested size: 345.0pt x 345.00414pt.

Overfull \hbox (15.0pt too wide) in paragraph at lines 114--115
[][] 
 []

<figure/password2-3.pdf, id=98, 505.89pt x 505.89pt> [10 <./figure/password2-1.
pdf>]
File: figure/password2-3.pdf Graphic file (type pdf)
 <use figure/password2-3.pdf>
Package pdftex.def Info: figure/password2-3.pdf used on input line 116.
(pdftex.def)             Requested size: 345.0pt x 345.00414pt.

Overfull \hbox (15.0pt too wide) in paragraph at lines 116--117
[][] 
 []

<figure/password2-4.pdf, id=110, 505.89pt x 505.89pt> [11 <./figure/password2-2
.pdf>]
File: figure/password2-4.pdf Graphic file (type pdf)
 <use figure/password2-4.pdf>
Package pdftex.def Info: figure/password2-4.pdf used on input line 118.
(pdftex.def)             Requested size: 345.0pt x 345.00414pt.

Overfull \hbox (15.0pt too wide) in paragraph at lines 118--119
[][] 
 []

[12 <./figure/password2-3.pdf>]
Package color Info: Redefining color shadecolor on input line 123.

<figure/obscure-1.pdf, id=133, 505.89pt x 505.89pt>
File: figure/obscure-1.pdf Graphic file (type pdf)
 <use figure/obscure-1.pdf>
Package pdftex.def Info: figure/obscure-1.pdf used on input line 124.
(pdftex.def)             Requested size: 345.0pt x 345.00414pt.

<figure/obscure-2.pdf, id=134, 505.89pt x 505.89pt> [13 <./figure/password2-4.p
df>]
File: figure/obscure-2.pdf Graphic file (type pdf)
 <use figure/obscure-2.pdf>
Package pdftex.def Info: figure/obscure-2.pdf used on input line 126.
(pdftex.def)             Requested size: 345.0pt x 345.00414pt.

Overfull \hbox (15.0pt too wide) in paragraph at lines 126--127
[][] 
 []

<figure/obscure-3.pdf, id=147, 505.89pt x 505.89pt> [14 <./figure/obscure-1.pdf
>]
File: figure/obscure-3.pdf Graphic file (type pdf)
 <use figure/obscure-3.pdf>
Package pdftex.def Info: figure/obscure-3.pdf used on input line 128.
(pdftex.def)             Requested size: 345.0pt x 345.00414pt.

Overfull \hbox (15.0pt too wide) in paragraph at lines 128--129
[][] 
 []

<figure/obscure-4.pdf, id=160, 505.89pt x 505.89pt> [15 <./figure/obscure-2.pdf
>]
File: figure/obscure-4.pdf Graphic file (type pdf)
 <use figure/obscure-4.pdf>
Package pdftex.def Info: figure/obscure-4.pdf used on input line 130.
(pdftex.def)             Requested size: 345.0pt x 345.00414pt.

Overfull \hbox (15.0pt too wide) in paragraph at lines 130--131
[][] 
 []

[16 <./figure/obscure-3.pdf>]
Package color Info: Redefining color shadecolor on input line 135.

<figure/crime-1.pdf, id=183, 505.89pt x 505.89pt>
File: figure/crime-1.pdf Graphic file (type pdf)
 <use figure/crime-1.pdf>
Package pdftex.def Info: figure/crime-1.pdf used on input line 136.
(pdftex.def)             Requested size: 345.0pt x 345.00414pt.

<figure/crime-2.pdf, id=184, 505.89pt x 505.89pt> [17 <./figure/obscure-4.pdf>]
File: figure/crime-2.pdf Graphic file (type pdf)
<use figure/crime-2.pdf>
Package pdftex.def Info: figure/crime-2.pdf used on input line 138.
(pdftex.def)             Requested size: 345.0pt x 345.00414pt.

Overfull \hbox (15.0pt too wide) in paragraph at lines 138--139
[][] 
 []

<figure/crime-3.pdf, id=196, 505.89pt x 505.89pt> [18 <./figure/crime-1.pdf>]
File: figure/crime-3.pdf Graphic file (type pdf)

<use figure/crime-3.pdf>
Package pdftex.def Info: figure/crime-3.pdf used on input line 140.
(pdftex.def)             Requested size: 345.0pt x 345.00414pt.

Overfull \hbox (15.0pt too wide) in paragraph at lines 140--141
[][] 
 []

<figure/crime-4.pdf, id=208, 505.89pt x 505.89pt> [19 <./figure/crime-2.pdf>]
File: figure/crime-4.pdf Graphic file (type pdf)

<use figure/crime-4.pdf>
Package pdftex.def Info: figure/crime-4.pdf used on input line 142.
(pdftex.def)             Requested size: 345.0pt x 345.00414pt.

Overfull \hbox (15.0pt too wide) in paragraph at lines 142--143
[][] 
 []

[20 <./figure/crime-3.pdf>]
Package color Info: Redefining color shadecolor on input line 153.

<figure/overview_RH1-1.pdf, id=232, 505.89pt x 505.89pt>
File: figure/overview_RH1-1.pdf Graphic file (type pdf)

<use figure/overview_RH1-1.pdf>
Package pdftex.def Info: figure/overview_RH1-1.pdf used on input line 154.
(pdftex.def)             Requested size: 345.0pt x 345.00414pt.
 [21 <./figure/crime-4.pdf>]
Package color Info: Redefining color shadecolor on input line 163.
LaTeX Font Info:    Font shape `OT1/cmtt/bx/n' in size <10> not available
(Font)              Font shape `OT1/cmtt/m/n' tried instead on input line 171.

<figure/RH1_cashew_password-1.pdf, id=244, 505.89pt x 505.89pt>
File: figure/RH1_cashew_password-1.pdf Graphic file (type pdf)

<use figure/RH1_cashew_password-1.pdf>
Package pdftex.def Info: figure/RH1_cashew_password-1.pdf used on input line 17
2.
(pdftex.def)             Requested size: 345.0pt x 345.00414pt.

Overfull \hbox (15.0pt too wide) in paragraph at lines 172--173
[][] 
 []

[22 <./figure/overview_RH1-1.pdf>]
Package color Info: Redefining color shadecolor on input line 177.

Overfull \hbox (5.27693pt too wide) in paragraph at lines 185--185
[]\OT1/cmtt/m/n/10 ## Error in shapiro.test(subset(json[]data, treatment == "no
cache" &
 []

<figure/RH1_nocache_password-1.pdf, id=254, 505.89pt x 505.89pt>
File: figure/RH1_nocache_password-1.pdf Graphic file (type pdf)

<use figure/RH1_nocache_password-1.pdf>
Package pdftex.def Info: figure/RH1_nocache_password-1.pdf used on input line 1
86.
(pdftex.def)             Requested size: 345.0pt x 345.00414pt.

Overfull \hbox (15.0pt too wide) in paragraph at lines 186--187
[][] 
 []

[23 <./figure/RH1_cashew_password-1.pdf>]
Package color Info: Redefining color shadecolor on input line 193.

<figure/RH1_password-1.pdf, id=266, 505.89pt x 505.89pt>
File: figure/RH1_password-1.pdf Graphic file (type pdf)

<use figure/RH1_password-1.pdf>
Package pdftex.def Info: figure/RH1_password-1.pdf used on input line 194.
(pdftex.def)             Requested size: 345.0pt x 345.00414pt.

Overfull \hbox (15.0pt too wide) in paragraph at lines 194--195
[][] 
 []

[24 <./figure/RH1_nocache_password-1.pdf>]
Overfull \hbox (14.30684pt too wide) in paragraph at lines 197--197
[]\OT1/cmtt/m/n/10 ## Error in eval(expr, envir, enclos): object 'shap[]cashew[
]password'
 []

Package color Info: Redefining color shadecolor on input line 214.
[25 <./figure/RH1_password-1.pdf>]
<figure/RH1_cashew_password2-1.pdf, id=291, 505.89pt x 505.89pt>
File: figure/RH1_cashew_password2-1.pdf Graphic file (type pdf)

<use figure/RH1_cashew_password2-1.pdf>
Package pdftex.def Info: figure/RH1_cashew_password2-1.pdf used on input line 2
23.
(pdftex.def)             Requested size: 345.0pt x 345.00414pt.

Overfull \hbox (15.0pt too wide) in paragraph at lines 223--224
[][] 
 []

Package color Info: Redefining color shadecolor on input line 228.

Overfull \hbox (5.27693pt too wide) in paragraph at lines 236--236
[]\OT1/cmtt/m/n/10 ## Error in shapiro.test(subset(json[]data, treatment == "no
cache" &
 []

<figure/RH1_nocache_password2-1.pdf, id=292, 505.89pt x 505.89pt>
File: figure/RH1_nocache_password2-1.pdf Graphic file (type pdf)

<use figure/RH1_nocache_password2-1.pdf>
Package pdftex.def Info: figure/RH1_nocache_password2-1.pdf used on input line 
237.
(pdftex.def)             Requested size: 345.0pt x 345.00414pt.

Overfull \hbox (15.0pt too wide) in paragraph at lines 237--238
[][] 
 []

[26 <./figure/RH1_cashew_password2-1.pdf>]
Package color Info: Redefining color shadecolor on input line 244.

<figure/RH1_password2-1.pdf, id=304, 505.89pt x 505.89pt>
File: figure/RH1_password2-1.pdf Graphic file (type pdf)

<use figure/RH1_password2-1.pdf>
Package pdftex.def Info: figure/RH1_password2-1.pdf used on input line 245.
(pdftex.def)             Requested size: 345.0pt x 345.00414pt.

Overfull \hbox (15.0pt too wide) in paragraph at lines 245--246
[][] 
 []

[27 <./figure/RH1_nocache_password2-1.pdf>]
Overfull \hbox (19.5568pt too wide) in paragraph at lines 248--248
[]\OT1/cmtt/m/n/10 ## Error in eval(expr, envir, enclos): object 'shap[]cashew[
]password2'
 []

Package color Info: Redefining color shadecolor on input line 265.
[28 <./figure/RH1_password2-1.pdf>]
<figure/RH1_cashew_obscure-1.pdf, id=327, 505.89pt x 505.89pt>
File: figure/RH1_cashew_obscure-1.pdf Graphic file (type pdf)

<use figure/RH1_cashew_obscure-1.pdf>
Package pdftex.def Info: figure/RH1_cashew_obscure-1.pdf used on input line 274
.
(pdftex.def)             Requested size: 345.0pt x 345.00414pt.

Overfull \hbox (15.0pt too wide) in paragraph at lines 274--275
[][] 
 []

Package color Info: Redefining color shadecolor on input line 279.

Overfull \hbox (5.27693pt too wide) in paragraph at lines 287--287
[]\OT1/cmtt/m/n/10 ## Error in shapiro.test(subset(json[]data, treatment == "no
cache" &
 []

<figure/RH1_nocache_obscure-1.pdf, id=328, 505.89pt x 505.89pt>
File: figure/RH1_nocache_obscure-1.pdf Graphic file (type pdf)

<use figure/RH1_nocache_obscure-1.pdf>
Package pdftex.def Info: figure/RH1_nocache_obscure-1.pdf used on input line 28
8.
(pdftex.def)             Requested size: 345.0pt x 345.00414pt.

Overfull \hbox (15.0pt too wide) in paragraph at lines 288--289
[][] 
 []

[29 <./figure/RH1_cashew_obscure-1.pdf>]
Package color Info: Redefining color shadecolor on input line 295.

<figure/RH1_obscure-1.pdf, id=340, 505.89pt x 505.89pt>
File: figure/RH1_obscure-1.pdf Graphic file (type pdf)

<use figure/RH1_obscure-1.pdf>
Package pdftex.def Info: figure/RH1_obscure-1.pdf used on input line 296.
(pdftex.def)             Requested size: 345.0pt x 345.00414pt.

Overfull \hbox (15.0pt too wide) in paragraph at lines 296--297
[][] 
 []

[30 <./figure/RH1_nocache_obscure-1.pdf>]
Overfull \hbox (9.05688pt too wide) in paragraph at lines 299--299
[]\OT1/cmtt/m/n/10 ## Error in eval(expr, envir, enclos): object 'shap[]cashew[
]obscure'
 []

Package color Info: Redefining color shadecolor on input line 316.
[31 <./figure/RH1_obscure-1.pdf>]
<figure/RH1_cashew_crime-1.pdf, id=364, 505.89pt x 505.89pt>
File: figure/RH1_cashew_crime-1.pdf Graphic file (type pdf)

<use figure/RH1_cashew_crime-1.pdf>
Package pdftex.def Info: figure/RH1_cashew_crime-1.pdf used on input line 325.
(pdftex.def)             Requested size: 345.0pt x 345.00414pt.

Overfull \hbox (15.0pt too wide) in paragraph at lines 325--326
[][] 
 []

Package color Info: Redefining color shadecolor on input line 330.

Overfull \hbox (5.27693pt too wide) in paragraph at lines 338--338
[]\OT1/cmtt/m/n/10 ## Error in shapiro.test(subset(json[]data, treatment == "no
cache" &
 []

<figure/RH1_nocache_crime-1.pdf, id=365, 505.89pt x 505.89pt>
File: figure/RH1_nocache_crime-1.pdf Graphic file (type pdf)

<use figure/RH1_nocache_crime-1.pdf>
Package pdftex.def Info: figure/RH1_nocache_crime-1.pdf used on input line 339.

(pdftex.def)             Requested size: 345.0pt x 345.00414pt.

Overfull \hbox (15.0pt too wide) in paragraph at lines 339--340
[][] 
 []

[32 <./figure/RH1_cashew_crime-1.pdf>]
Package color Info: Redefining color shadecolor on input line 346.

<figure/RH1_crime-1.pdf, id=377, 505.89pt x 505.89pt>
File: figure/RH1_crime-1.pdf Graphic file (type pdf)

<use figure/RH1_crime-1.pdf>
Package pdftex.def Info: figure/RH1_crime-1.pdf used on input line 347.
(pdftex.def)             Requested size: 345.0pt x 345.00414pt.

Overfull \hbox (15.0pt too wide) in paragraph at lines 347--348
[][] 
 []

[33 <./figure/RH1_nocache_crime-1.pdf>]
Overfull \hbox (19.5568pt too wide) in paragraph at lines 350--350
[]\OT1/cmtt/m/n/10 ## Error in eval(expr, envir, enclos): object 'shap[]cashew[
]crime' not
 []

LaTeX Font Info:    External font `cmex10' loaded for size
(Font)              <7> on input line 372.
LaTeX Font Info:    External font `cmex10' loaded for size
(Font)              <5> on input line 372.
[34 <./figure/RH1_crime-1.pdf>]
LaTeX Font Info:    Try loading font information for OML+cmr on input line 384.


(/usr/share/texlive/texmf-dist/tex/latex/base/omlcmr.fd
File: omlcmr.fd 2014/09/29 v2.5h Standard LaTeX font definitions
)
LaTeX Font Info:    Font shape `OML/cmr/bx/n' in size <10> not available
(Font)              Font shape `OML/cmm/b/it' tried instead on input line 384.
Package color Info: Redefining color shadecolor on input line 405.

<figure/overview_RH2-1.pdf, id=400, 505.89pt x 505.89pt>
File: figure/overview_RH2-1.pdf Graphic file (type pdf)

<use figure/overview_RH2-1.pdf>
Package pdftex.def Info: figure/overview_RH2-1.pdf used on input line 406.
(pdftex.def)             Requested size: 345.0pt x 345.00414pt.
 [35]
Package color Info: Redefining color shadecolor on input line 415.

<figure/RH2_cashew_password-1.pdf, id=405, 505.89pt x 505.89pt>
File: figure/RH2_cashew_password-1.pdf Graphic file (type pdf)

<use figure/RH2_cashew_password-1.pdf>
Package pdftex.def Info: figure/RH2_cashew_password-1.pdf used on input line 42
4.
(pdftex.def)             Requested size: 345.0pt x 345.00414pt.

Overfull \hbox (15.0pt too wide) in paragraph at lines 424--425
[][] 
 []

[36 <./figure/overview_RH2-1.pdf>]
Package color Info: Redefining color shadecolor on input line 429.

Overfull \hbox (31.5267pt too wide) in paragraph at lines 437--437
[]\OT1/cmtt/m/n/10 ## Error in shapiro.test(subset(json[]data, treatment == "tr
ivialcaching"
 []

<figure/RH2_trivialcaching_password-1.pdf, id=414, 505.89pt x 505.89pt>
File: figure/RH2_trivialcaching_password-1.pdf Graphic file (type pdf)

<use figure/RH2_trivialcaching_password-1.pdf>
Package pdftex.def Info: figure/RH2_trivialcaching_password-1.pdf used on input
 line 438.
(pdftex.def)             Requested size: 345.0pt x 345.00414pt.

Overfull \hbox (15.0pt too wide) in paragraph at lines 438--439
[][] 
 []

[37 <./figure/RH2_cashew_password-1.pdf>]
Package color Info: Redefining color shadecolor on input line 445.

<figure/RH2_password-1.pdf, id=428, 505.89pt x 505.89pt>
File: figure/RH2_password-1.pdf Graphic file (type pdf)

<use figure/RH2_password-1.pdf>
Package pdftex.def Info: figure/RH2_password-1.pdf used on input line 446.
(pdftex.def)             Requested size: 345.0pt x 345.00414pt.

Overfull \hbox (15.0pt too wide) in paragraph at lines 446--447
[][] 
 []

[38 <./figure/RH2_trivialcaching_password-1.pdf>]
Overfull \hbox (14.30684pt too wide) in paragraph at lines 449--449
[]\OT1/cmtt/m/n/10 ## Error in eval(expr, envir, enclos): object 'shap[]cashew[
]password'
 []


Overfull \hbox (22.4968pt too wide) in paragraph at lines 457--457
[]\OT1/cmtt/m/n/10 ## Total time for No Normalization is  97.0148082384622 % gr
eater than[] 
 []

Package color Info: Redefining color shadecolor on input line 466.
[39 <./figure/RH2_password-1.pdf>]
<figure/RH2_cashew_password2-1.pdf, id=451, 505.89pt x 505.89pt>
File: figure/RH2_cashew_password2-1.pdf Graphic file (type pdf)

<use figure/RH2_cashew_password2-1.pdf>
Package pdftex.def Info: figure/RH2_cashew_password2-1.pdf used on input line 4
75.
(pdftex.def)             Requested size: 345.0pt x 345.00414pt.

Overfull \hbox (15.0pt too wide) in paragraph at lines 475--476
[][] 
 []

Package color Info: Redefining color shadecolor on input line 480.

Overfull \hbox (31.5267pt too wide) in paragraph at lines 488--488
[]\OT1/cmtt/m/n/10 ## Error in shapiro.test(subset(json[]data, treatment == "tr
ivialcaching"
 []

<figure/RH2_trivialcaching_password2-1.pdf, id=452, 505.89pt x 505.89pt>
File: figure/RH2_trivialcaching_password2-1.pdf Graphic file (type pdf)

<use figure/RH2_trivialcaching_password2-1.pdf>
Package pdftex.def Info: figure/RH2_trivialcaching_password2-1.pdf used on inpu
t line 489.
(pdftex.def)             Requested size: 345.0pt x 345.00414pt.

Overfull \hbox (15.0pt too wide) in paragraph at lines 489--490
[][] 
 []

[40 <./figure/RH2_cashew_password2-1.pdf>]
Package color Info: Redefining color shadecolor on input line 496.

<figure/RH2_password2-1.pdf, id=464, 505.89pt x 505.89pt>
File: figure/RH2_password2-1.pdf Graphic file (type pdf)

<use figure/RH2_password2-1.pdf>
Package pdftex.def Info: figure/RH2_password2-1.pdf used on input line 497.
(pdftex.def)             Requested size: 345.0pt x 345.00414pt.

Overfull \hbox (15.0pt too wide) in paragraph at lines 497--498
[][] 
 []

[41 <./figure/RH2_trivialcaching_password2-1.pdf>]
Overfull \hbox (19.5568pt too wide) in paragraph at lines 500--500
[]\OT1/cmtt/m/n/10 ## Error in eval(expr, envir, enclos): object 'shap[]cashew[
]password2'
 []


Overfull \hbox (22.4968pt too wide) in paragraph at lines 508--508
[]\OT1/cmtt/m/n/10 ## Total time for No Normalization is  151.767643510739 % gr
eater than[] 
 []

Package color Info: Redefining color shadecolor on input line 517.
[42 <./figure/RH2_password2-1.pdf>]
<figure/RH2_cashew_obscure-1.pdf, id=487, 505.89pt x 505.89pt>
File: figure/RH2_cashew_obscure-1.pdf Graphic file (type pdf)

<use figure/RH2_cashew_obscure-1.pdf>
Package pdftex.def Info: figure/RH2_cashew_obscure-1.pdf used on input line 526
.
(pdftex.def)             Requested size: 345.0pt x 345.00414pt.

Overfull \hbox (15.0pt too wide) in paragraph at lines 526--527
[][] 
 []

Package color Info: Redefining color shadecolor on input line 531.

Overfull \hbox (31.5267pt too wide) in paragraph at lines 539--539
[]\OT1/cmtt/m/n/10 ## Error in shapiro.test(subset(json[]data, treatment == "tr
ivialcaching"
 []

<figure/RH2_trivialcaching_obscure-1.pdf, id=488, 505.89pt x 505.89pt>
File: figure/RH2_trivialcaching_obscure-1.pdf Graphic file (type pdf)

<use figure/RH2_trivialcaching_obscure-1.pdf>
Package pdftex.def Info: figure/RH2_trivialcaching_obscure-1.pdf used on input 
line 540.
(pdftex.def)             Requested size: 345.0pt x 345.00414pt.

Overfull \hbox (15.0pt too wide) in paragraph at lines 540--541
[][] 
 []

[43 <./figure/RH2_cashew_obscure-1.pdf>]
Package color Info: Redefining color shadecolor on input line 547.

<figure/RH2_obscure-1.pdf, id=501, 505.89pt x 505.89pt>
File: figure/RH2_obscure-1.pdf Graphic file (type pdf)

<use figure/RH2_obscure-1.pdf>
Package pdftex.def Info: figure/RH2_obscure-1.pdf used on input line 548.
(pdftex.def)             Requested size: 345.0pt x 345.00414pt.

Overfull \hbox (15.0pt too wide) in paragraph at lines 548--549
[][] 
 []

[44 <./figure/RH2_trivialcaching_obscure-1.pdf>]
Overfull \hbox (9.05688pt too wide) in paragraph at lines 551--551
[]\OT1/cmtt/m/n/10 ## Error in eval(expr, envir, enclos): object 'shap[]cashew[
]obscure'
 []


Overfull \hbox (22.4968pt too wide) in paragraph at lines 559--559
[]\OT1/cmtt/m/n/10 ## Total time for No Normalization is  94.4489254661782 % gr
eater than[] 
 []

Package color Info: Redefining color shadecolor on input line 568.
[45 <./figure/RH2_obscure-1.pdf>]
<figure/RH2_cashew_crime-1.pdf, id=524, 505.89pt x 505.89pt>
File: figure/RH2_cashew_crime-1.pdf Graphic file (type pdf)

<use figure/RH2_cashew_crime-1.pdf>
Package pdftex.def Info: figure/RH2_cashew_crime-1.pdf used on input line 577.
(pdftex.def)             Requested size: 345.0pt x 345.00414pt.

Overfull \hbox (15.0pt too wide) in paragraph at lines 577--578
[][] 
 []

Package color Info: Redefining color shadecolor on input line 582.

Overfull \hbox (31.5267pt too wide) in paragraph at lines 590--590
[]\OT1/cmtt/m/n/10 ## Error in shapiro.test(subset(json[]data, treatment == "tr
ivialcaching"
 []

<figure/RH2_trivialcaching_crime-1.pdf, id=525, 505.89pt x 505.89pt>
File: figure/RH2_trivialcaching_crime-1.pdf Graphic file (type pdf)

<use figure/RH2_trivialcaching_crime-1.pdf>
Package pdftex.def Info: figure/RH2_trivialcaching_crime-1.pdf used on input li
ne 591.
(pdftex.def)             Requested size: 345.0pt x 345.00414pt.

Overfull \hbox (15.0pt too wide) in paragraph at lines 591--592
[][] 
 []

[46 <./figure/RH2_cashew_crime-1.pdf>]
Package color Info: Redefining color shadecolor on input line 598.

<figure/RH2_crime-1.pdf, id=537, 505.89pt x 505.89pt>
File: figure/RH2_crime-1.pdf Graphic file (type pdf)

<use figure/RH2_crime-1.pdf>
Package pdftex.def Info: figure/RH2_crime-1.pdf used on input line 599.
(pdftex.def)             Requested size: 345.0pt x 345.00414pt.

Overfull \hbox (15.0pt too wide) in paragraph at lines 599--600
[][] 
 []

[47 <./figure/RH2_trivialcaching_crime-1.pdf>]
Overfull \hbox (19.5568pt too wide) in paragraph at lines 602--602
[]\OT1/cmtt/m/n/10 ## Error in eval(expr, envir, enclos): object 'shap[]cashew[
]crime' not
 []


Overfull \hbox (22.4968pt too wide) in paragraph at lines 610--610
[]\OT1/cmtt/m/n/10 ## Total time for No Normalization is  163.413803541698 % gr
eater than[] 
 []

[48 <./figure/RH2_crime-1.pdf>]
Package color Info: Redefining color shadecolor on input line 657.

<figure/overview_RH3-1.pdf, id=560, 505.89pt x 505.89pt>
File: figure/overview_RH3-1.pdf Graphic file (type pdf)

<use figure/overview_RH3-1.pdf>
Package pdftex.def Info: figure/overview_RH3-1.pdf used on input line 658.
(pdftex.def)             Requested size: 345.0pt x 345.00414pt.
 [49]
Package color Info: Redefining color shadecolor on input line 667.

<figure/RH3_cashew_password-1.pdf, id=566, 505.89pt x 505.89pt>
File: figure/RH3_cashew_password-1.pdf Graphic file (type pdf)

<use figure/RH3_cashew_password-1.pdf>
Package pdftex.def Info: figure/RH3_cashew_password-1.pdf used on input line 67
6.
(pdftex.def)             Requested size: 345.0pt x 345.00414pt.

Overfull \hbox (15.0pt too wide) in paragraph at lines 676--677
[][] 
 []

[50 <./figure/overview_RH3-1.pdf>]
Package color Info: Redefining color shadecolor on input line 681.

Overfull \hbox (31.5267pt too wide) in paragraph at lines 689--689
[]\OT1/cmtt/m/n/10 ## Error in shapiro.test(subset(json[]data, treatment == "tr
ivialcaching"
 []

<figure/RH3_trivialcaching_password-1.pdf, id=575, 505.89pt x 505.89pt>
File: figure/RH3_trivialcaching_password-1.pdf Graphic file (type pdf)

<use figure/RH3_trivialcaching_password-1.pdf>
Package pdftex.def Info: figure/RH3_trivialcaching_password-1.pdf used on input
 line 690.
(pdftex.def)             Requested size: 345.0pt x 345.00414pt.

Overfull \hbox (15.0pt too wide) in paragraph at lines 690--691
[][] 
 []

[51 <./figure/RH3_cashew_password-1.pdf>]
Package color Info: Redefining color shadecolor on input line 697.

<figure/RH3_password-1.pdf, id=587, 505.89pt x 505.89pt>
File: figure/RH3_password-1.pdf Graphic file (type pdf)

<use figure/RH3_password-1.pdf>
Package pdftex.def Info: figure/RH3_password-1.pdf used on input line 698.
(pdftex.def)             Requested size: 345.0pt x 345.00414pt.

Overfull \hbox (15.0pt too wide) in paragraph at lines 698--699
[][] 
 []

[52 <./figure/RH3_trivialcaching_password-1.pdf>]
Overfull \hbox (14.30684pt too wide) in paragraph at lines 701--701
[]\OT1/cmtt/m/n/10 ## Error in eval(expr, envir, enclos): object 'shap[]cashew[
]password'
 []

Package color Info: Redefining color shadecolor on input line 718.
[53 <./figure/RH3_password-1.pdf>]
<figure/RH3_cashew_password2-1.pdf, id=610, 505.89pt x 505.89pt>
File: figure/RH3_cashew_password2-1.pdf Graphic file (type pdf)

<use figure/RH3_cashew_password2-1.pdf>
Package pdftex.def Info: figure/RH3_cashew_password2-1.pdf used on input line 7
27.
(pdftex.def)             Requested size: 345.0pt x 345.00414pt.

Overfull \hbox (15.0pt too wide) in paragraph at lines 727--728
[][] 
 []

Package color Info: Redefining color shadecolor on input line 732.

Overfull \hbox (31.5267pt too wide) in paragraph at lines 740--740
[]\OT1/cmtt/m/n/10 ## Error in shapiro.test(subset(json[]data, treatment == "tr
ivialcaching"
 []

<figure/RH3_trivialcaching_password2-1.pdf, id=611, 505.89pt x 505.89pt>
File: figure/RH3_trivialcaching_password2-1.pdf Graphic file (type pdf)

<use figure/RH3_trivialcaching_password2-1.pdf>
Package pdftex.def Info: figure/RH3_trivialcaching_password2-1.pdf used on inpu
t line 741.
(pdftex.def)             Requested size: 345.0pt x 345.00414pt.

Overfull \hbox (15.0pt too wide) in paragraph at lines 741--742
[][] 
 []

[54 <./figure/RH3_cashew_password2-1.pdf>]
Package color Info: Redefining color shadecolor on input line 748.

<figure/RH3_password2-1.pdf, id=623, 505.89pt x 505.89pt>
File: figure/RH3_password2-1.pdf Graphic file (type pdf)

<use figure/RH3_password2-1.pdf>
Package pdftex.def Info: figure/RH3_password2-1.pdf used on input line 749.
(pdftex.def)             Requested size: 345.0pt x 345.00414pt.

Overfull \hbox (15.0pt too wide) in paragraph at lines 749--750
[][] 
 []

[55 <./figure/RH3_trivialcaching_password2-1.pdf>]
Overfull \hbox (19.5568pt too wide) in paragraph at lines 752--752
[]\OT1/cmtt/m/n/10 ## Error in eval(expr, envir, enclos): object 'shap[]cashew[
]password2'
 []

Package color Info: Redefining color shadecolor on input line 769.
[56 <./figure/RH3_password2-1.pdf>]
<figure/RH3_cashew_obscure-1.pdf, id=647, 505.89pt x 505.89pt>
File: figure/RH3_cashew_obscure-1.pdf Graphic file (type pdf)

<use figure/RH3_cashew_obscure-1.pdf>
Package pdftex.def Info: figure/RH3_cashew_obscure-1.pdf used on input line 778
.
(pdftex.def)             Requested size: 345.0pt x 345.00414pt.

Overfull \hbox (15.0pt too wide) in paragraph at lines 778--779
[][] 
 []

Package color Info: Redefining color shadecolor on input line 783.

Overfull \hbox (31.5267pt too wide) in paragraph at lines 791--791
[]\OT1/cmtt/m/n/10 ## Error in shapiro.test(subset(json[]data, treatment == "tr
ivialcaching"
 []

<figure/RH3_trivialcaching_obscure-1.pdf, id=648, 505.89pt x 505.89pt>
File: figure/RH3_trivialcaching_obscure-1.pdf Graphic file (type pdf)

<use figure/RH3_trivialcaching_obscure-1.pdf>
Package pdftex.def Info: figure/RH3_trivialcaching_obscure-1.pdf used on input 
line 792.
(pdftex.def)             Requested size: 345.0pt x 345.00414pt.

Overfull \hbox (15.0pt too wide) in paragraph at lines 792--793
[][] 
 []

[57 <./figure/RH3_cashew_obscure-1.pdf>]
Package color Info: Redefining color shadecolor on input line 799.

<figure/RH3_obscure-1.pdf, id=660, 505.89pt x 505.89pt>
File: figure/RH3_obscure-1.pdf Graphic file (type pdf)

<use figure/RH3_obscure-1.pdf>
Package pdftex.def Info: figure/RH3_obscure-1.pdf used on input line 800.
(pdftex.def)             Requested size: 345.0pt x 345.00414pt.

Overfull \hbox (15.0pt too wide) in paragraph at lines 800--801
[][] 
 []

[58 <./figure/RH3_trivialcaching_obscure-1.pdf>]
Overfull \hbox (9.05688pt too wide) in paragraph at lines 803--803
[]\OT1/cmtt/m/n/10 ## Error in eval(expr, envir, enclos): object 'shap[]cashew[
]obscure'
 []

Package color Info: Redefining color shadecolor on input line 820.
[59 <./figure/RH3_obscure-1.pdf>]
<figure/RH3_cashew_crime-1.pdf, id=683, 505.89pt x 505.89pt>
File: figure/RH3_cashew_crime-1.pdf Graphic file (type pdf)

<use figure/RH3_cashew_crime-1.pdf>
Package pdftex.def Info: figure/RH3_cashew_crime-1.pdf used on input line 829.
(pdftex.def)             Requested size: 345.0pt x 345.00414pt.

Overfull \hbox (15.0pt too wide) in paragraph at lines 829--830
[][] 
 []

Package color Info: Redefining color shadecolor on input line 834.

Overfull \hbox (31.5267pt too wide) in paragraph at lines 842--842
[]\OT1/cmtt/m/n/10 ## Error in shapiro.test(subset(json[]data, treatment == "tr
ivialcaching"
 []

<figure/RH3_trivialcaching_crime-1.pdf, id=684, 505.89pt x 505.89pt>
File: figure/RH3_trivialcaching_crime-1.pdf Graphic file (type pdf)

<use figure/RH3_trivialcaching_crime-1.pdf>
Package pdftex.def Info: figure/RH3_trivialcaching_crime-1.pdf used on input li
ne 843.
(pdftex.def)             Requested size: 345.0pt x 345.00414pt.

Overfull \hbox (15.0pt too wide) in paragraph at lines 843--844
[][] 
 []

[60 <./figure/RH3_cashew_crime-1.pdf>]
Package color Info: Redefining color shadecolor on input line 850.

<figure/RH3_crime-1.pdf, id=696, 505.89pt x 505.89pt>
File: figure/RH3_crime-1.pdf Graphic file (type pdf)

<use figure/RH3_crime-1.pdf>
Package pdftex.def Info: figure/RH3_crime-1.pdf used on input line 851.
(pdftex.def)             Requested size: 345.0pt x 345.00414pt.

Overfull \hbox (15.0pt too wide) in paragraph at lines 851--852
[][] 
 []

[61 <./figure/RH3_trivialcaching_crime-1.pdf>]
Overfull \hbox (19.5568pt too wide) in paragraph at lines 854--854
[]\OT1/cmtt/m/n/10 ## Error in eval(expr, envir, enclos): object 'shap[]cashew[
]crime' not
 []

[62 <./figure/RH3_crime-1.pdf>]
Package color Info: Redefining color shadecolor on input line 909.

<figure/overview_RH4-1.pdf, id=721, 505.89pt x 505.89pt>
File: figure/overview_RH4-1.pdf Graphic file (type pdf)

<use figure/overview_RH4-1.pdf>
Package pdftex.def Info: figure/overview_RH4-1.pdf used on input line 910.
(pdftex.def)             Requested size: 345.0pt x 345.00414pt.
 [63]
Package color Info: Redefining color shadecolor on input line 919.

<figure/RH4_cashew_password-1.pdf, id=725, 505.89pt x 505.89pt>
File: figure/RH4_cashew_password-1.pdf Graphic file (type pdf)

<use figure/RH4_cashew_password-1.pdf>
Package pdftex.def Info: figure/RH4_cashew_password-1.pdf used on input line 92
8.
(pdftex.def)             Requested size: 345.0pt x 345.00414pt.

Overfull \hbox (15.0pt too wide) in paragraph at lines 928--929
[][] 
 []

[64 <./figure/overview_RH4-1.pdf>]
Package color Info: Redefining color shadecolor on input line 933.

Overfull \hbox (31.5267pt too wide) in paragraph at lines 941--941
[]\OT1/cmtt/m/n/10 ## Error in shapiro.test(subset(json[]data, treatment == "tr
ivialcaching"
 []

<figure/RH4_trivialcaching_password-1.pdf, id=734, 505.89pt x 505.89pt>
File: figure/RH4_trivialcaching_password-1.pdf Graphic file (type pdf)

<use figure/RH4_trivialcaching_password-1.pdf>
Package pdftex.def Info: figure/RH4_trivialcaching_password-1.pdf used on input
 line 942.
(pdftex.def)             Requested size: 345.0pt x 345.00414pt.

Overfull \hbox (15.0pt too wide) in paragraph at lines 942--943
[][] 
 []

[65 <./figure/RH4_cashew_password-1.pdf>]
Package color Info: Redefining color shadecolor on input line 949.

<figure/RH4_password-1.pdf, id=746, 505.89pt x 505.89pt>
File: figure/RH4_password-1.pdf Graphic file (type pdf)

<use figure/RH4_password-1.pdf>
Package pdftex.def Info: figure/RH4_password-1.pdf used on input line 950.
(pdftex.def)             Requested size: 345.0pt x 345.00414pt.

Overfull \hbox (15.0pt too wide) in paragraph at lines 950--951
[][] 
 []

[66 <./figure/RH4_trivialcaching_password-1.pdf>]
Overfull \hbox (14.30684pt too wide) in paragraph at lines 953--953
[]\OT1/cmtt/m/n/10 ## Error in eval(expr, envir, enclos): object 'shap[]cashew[
]password'
 []


Overfull \hbox (1.49698pt too wide) in paragraph at lines 961--961
[]\OT1/cmtt/m/n/10 ## Misses for No Normalization is  414.263480728737 % greate
r than[] 
 []

Package color Info: Redefining color shadecolor on input line 970.
[67 <./figure/RH4_password-1.pdf>]
<figure/RH4_cashew_password2-1.pdf, id=770, 505.89pt x 505.89pt>
File: figure/RH4_cashew_password2-1.pdf Graphic file (type pdf)

<use figure/RH4_cashew_password2-1.pdf>
Package pdftex.def Info: figure/RH4_cashew_password2-1.pdf used on input line 9
79.
(pdftex.def)             Requested size: 345.0pt x 345.00414pt.

Overfull \hbox (15.0pt too wide) in paragraph at lines 979--980
[][] 
 []

Package color Info: Redefining color shadecolor on input line 984.

Overfull \hbox (31.5267pt too wide) in paragraph at lines 992--992
[]\OT1/cmtt/m/n/10 ## Error in shapiro.test(subset(json[]data, treatment == "tr
ivialcaching"
 []

<figure/RH4_trivialcaching_password2-1.pdf, id=771, 505.89pt x 505.89pt>
File: figure/RH4_trivialcaching_password2-1.pdf Graphic file (type pdf)

<use figure/RH4_trivialcaching_password2-1.pdf>
Package pdftex.def Info: figure/RH4_trivialcaching_password2-1.pdf used on inpu
t line 993.
(pdftex.def)             Requested size: 345.0pt x 345.00414pt.

Overfull \hbox (15.0pt too wide) in paragraph at lines 993--994
[][] 
 []

[68 <./figure/RH4_cashew_password2-1.pdf>]
Package color Info: Redefining color shadecolor on input line 1000.

<figure/RH4_password2-1.pdf, id=783, 505.89pt x 505.89pt>
File: figure/RH4_password2-1.pdf Graphic file (type pdf)

<use figure/RH4_password2-1.pdf>
Package pdftex.def Info: figure/RH4_password2-1.pdf used on input line 1001.
(pdftex.def)             Requested size: 345.0pt x 345.00414pt.

Overfull \hbox (15.0pt too wide) in paragraph at lines 1001--1002
[][] 
 []

[69 <./figure/RH4_trivialcaching_password2-1.pdf>]
Overfull \hbox (19.5568pt too wide) in paragraph at lines 1004--1004
[]\OT1/cmtt/m/n/10 ## Error in eval(expr, envir, enclos): object 'shap[]cashew[
]password2'
 []


Overfull \hbox (1.49698pt too wide) in paragraph at lines 1012--1012
[]\OT1/cmtt/m/n/10 ## Misses for No Normalization is  321.960752215106 % greate
r than[] 
 []

Package color Info: Redefining color shadecolor on input line 1021.
[70 <./figure/RH4_password2-1.pdf>]
<figure/RH4_cashew_obscure-1.pdf, id=806, 505.89pt x 505.89pt>
File: figure/RH4_cashew_obscure-1.pdf Graphic file (type pdf)

<use figure/RH4_cashew_obscure-1.pdf>
Package pdftex.def Info: figure/RH4_cashew_obscure-1.pdf used on input line 103
0.
(pdftex.def)             Requested size: 345.0pt x 345.00414pt.

Overfull \hbox (15.0pt too wide) in paragraph at lines 1030--1031
[][] 
 []

Package color Info: Redefining color shadecolor on input line 1035.

Overfull \hbox (31.5267pt too wide) in paragraph at lines 1043--1043
[]\OT1/cmtt/m/n/10 ## Error in shapiro.test(subset(json[]data, treatment == "tr
ivialcaching"
 []

<figure/RH4_trivialcaching_obscure-1.pdf, id=807, 505.89pt x 505.89pt>
File: figure/RH4_trivialcaching_obscure-1.pdf Graphic file (type pdf)

<use figure/RH4_trivialcaching_obscure-1.pdf>
Package pdftex.def Info: figure/RH4_trivialcaching_obscure-1.pdf used on input 
line 1044.
(pdftex.def)             Requested size: 345.0pt x 345.00414pt.

Overfull \hbox (15.0pt too wide) in paragraph at lines 1044--1045
[][] 
 []

[71 <./figure/RH4_cashew_obscure-1.pdf>]
Package color Info: Redefining color shadecolor on input line 1051.

<figure/RH4_obscure-1.pdf, id=819, 505.89pt x 505.89pt>
File: figure/RH4_obscure-1.pdf Graphic file (type pdf)

<use figure/RH4_obscure-1.pdf>
Package pdftex.def Info: figure/RH4_obscure-1.pdf used on input line 1052.
(pdftex.def)             Requested size: 345.0pt x 345.00414pt.

Overfull \hbox (15.0pt too wide) in paragraph at lines 1052--1053
[][] 
 []

[72 <./figure/RH4_trivialcaching_obscure-1.pdf>]
Overfull \hbox (9.05688pt too wide) in paragraph at lines 1055--1055
[]\OT1/cmtt/m/n/10 ## Error in eval(expr, envir, enclos): object 'shap[]cashew[
]obscure'
 []


Overfull \hbox (1.49698pt too wide) in paragraph at lines 1063--1063
[]\OT1/cmtt/m/n/10 ## Misses for No Normalization is  106.615303799685 % greate
r than[] 
 []

Package color Info: Redefining color shadecolor on input line 1072.
[73 <./figure/RH4_obscure-1.pdf>]
<figure/RH4_cashew_crime-1.pdf, id=844, 505.89pt x 505.89pt>
File: figure/RH4_cashew_crime-1.pdf Graphic file (type pdf)

<use figure/RH4_cashew_crime-1.pdf>
Package pdftex.def Info: figure/RH4_cashew_crime-1.pdf used on input line 1081.

(pdftex.def)             Requested size: 345.0pt x 345.00414pt.

Overfull \hbox (15.0pt too wide) in paragraph at lines 1081--1082
[][] 
 []

Package color Info: Redefining color shadecolor on input line 1086.

Overfull \hbox (31.5267pt too wide) in paragraph at lines 1094--1094
[]\OT1/cmtt/m/n/10 ## Error in shapiro.test(subset(json[]data, treatment == "tr
ivialcaching"
 []

<figure/RH4_trivialcaching_crime-1.pdf, id=845, 505.89pt x 505.89pt>
File: figure/RH4_trivialcaching_crime-1.pdf Graphic file (type pdf)

<use figure/RH4_trivialcaching_crime-1.pdf>
Package pdftex.def Info: figure/RH4_trivialcaching_crime-1.pdf used on input li
ne 1095.
(pdftex.def)             Requested size: 345.0pt x 345.00414pt.

Overfull \hbox (15.0pt too wide) in paragraph at lines 1095--1096
[][] 
 []

[74 <./figure/RH4_cashew_crime-1.pdf>]
Package color Info: Redefining color shadecolor on input line 1102.

<figure/RH4_crime-1.pdf, id=857, 505.89pt x 505.89pt>
File: figure/RH4_crime-1.pdf Graphic file (type pdf)

<use figure/RH4_crime-1.pdf>
Package pdftex.def Info: figure/RH4_crime-1.pdf used on input line 1103.
(pdftex.def)             Requested size: 345.0pt x 345.00414pt.

Overfull \hbox (15.0pt too wide) in paragraph at lines 1103--1104
[][] 
 []

[75 <./figure/RH4_trivialcaching_crime-1.pdf>]
Overfull \hbox (19.5568pt too wide) in paragraph at lines 1106--1106
[]\OT1/cmtt/m/n/10 ## Error in eval(expr, envir, enclos): object 'shap[]cashew[
]crime' not
 []


Overfull \hbox (1.49698pt too wide) in paragraph at lines 1114--1114
[]\OT1/cmtt/m/n/10 ## Misses for No Normalization is  123.018397751975 % greate
r than[] 
 []

[76 <./figure/RH4_crime-1.pdf>]
Package color Info: Redefining color shadecolor on input line 1161.

<figure/overview_RH5-1.pdf, id=880, 505.89pt x 505.89pt>
File: figure/overview_RH5-1.pdf Graphic file (type pdf)

<use figure/overview_RH5-1.pdf>
Package pdftex.def Info: figure/overview_RH5-1.pdf used on input line 1162.
(pdftex.def)             Requested size: 345.0pt x 345.00414pt.
 [77]
Package color Info: Redefining color shadecolor on input line 1171.

<figure/RH5_cashew_password-1.pdf, id=884, 505.89pt x 505.89pt>
File: figure/RH5_cashew_password-1.pdf Graphic file (type pdf)

<use figure/RH5_cashew_password-1.pdf>
Package pdftex.def Info: figure/RH5_cashew_password-1.pdf used on input line 11
80.
(pdftex.def)             Requested size: 345.0pt x 345.00414pt.

Overfull \hbox (15.0pt too wide) in paragraph at lines 1180--1181
[][] 
 []

[78 <./figure/overview_RH5-1.pdf>]
Package color Info: Redefining color shadecolor on input line 1185.

Overfull \hbox (31.5267pt too wide) in paragraph at lines 1193--1193
[]\OT1/cmtt/m/n/10 ## Error in shapiro.test(subset(json[]data, treatment == "tr
ivialcaching"
 []

<figure/RH5_trivialcaching_password-1.pdf, id=893, 505.89pt x 505.89pt>
File: figure/RH5_trivialcaching_password-1.pdf Graphic file (type pdf)

<use figure/RH5_trivialcaching_password-1.pdf>
Package pdftex.def Info: figure/RH5_trivialcaching_password-1.pdf used on input
 line 1194.
(pdftex.def)             Requested size: 345.0pt x 345.00414pt.

Overfull \hbox (15.0pt too wide) in paragraph at lines 1194--1195
[][] 
 []

[79 <./figure/RH5_cashew_password-1.pdf>]
Package color Info: Redefining color shadecolor on input line 1201.

<figure/RH5_password-1.pdf, id=906, 505.89pt x 505.89pt>
File: figure/RH5_password-1.pdf Graphic file (type pdf)

<use figure/RH5_password-1.pdf>
Package pdftex.def Info: figure/RH5_password-1.pdf used on input line 1202.
(pdftex.def)             Requested size: 345.0pt x 345.00414pt.

Overfull \hbox (15.0pt too wide) in paragraph at lines 1202--1203
[][] 
 []

[80 <./figure/RH5_trivialcaching_password-1.pdf>]
Overfull \hbox (14.30684pt too wide) in paragraph at lines 1205--1205
[]\OT1/cmtt/m/n/10 ## Error in eval(expr, envir, enclos): object 'shap[]cashew[
]password'
 []


Overfull \hbox (6.74693pt too wide) in paragraph at lines 1213--1213
[]\OT1/cmtt/m/n/10 ## Hits/Misses ratio for Cashew is  1740.44126591842 % great
er than[] 
 []

Package color Info: Redefining color shadecolor on input line 1222.
[81 <./figure/RH5_password-1.pdf>]
<figure/RH5_cashew_password2-1.pdf, id=929, 505.89pt x 505.89pt>
File: figure/RH5_cashew_password2-1.pdf Graphic file (type pdf)

<use figure/RH5_cashew_password2-1.pdf>
Package pdftex.def Info: figure/RH5_cashew_password2-1.pdf used on input line 1
231.
(pdftex.def)             Requested size: 345.0pt x 345.00414pt.

Overfull \hbox (15.0pt too wide) in paragraph at lines 1231--1232
[][] 
 []

Package color Info: Redefining color shadecolor on input line 1236.

Overfull \hbox (31.5267pt too wide) in paragraph at lines 1244--1244
[]\OT1/cmtt/m/n/10 ## Error in shapiro.test(subset(json[]data, treatment == "tr
ivialcaching"
 []

<figure/RH5_trivialcaching_password2-1.pdf, id=930, 505.89pt x 505.89pt>
File: figure/RH5_trivialcaching_password2-1.pdf Graphic file (type pdf)

<use figure/RH5_trivialcaching_password2-1.pdf>
Package pdftex.def Info: figure/RH5_trivialcaching_password2-1.pdf used on inpu
t line 1245.
(pdftex.def)             Requested size: 345.0pt x 345.00414pt.

Overfull \hbox (15.0pt too wide) in paragraph at lines 1245--1246
[][] 
 []

[82 <./figure/RH5_cashew_password2-1.pdf>]
Package color Info: Redefining color shadecolor on input line 1252.

<figure/RH5_password2-1.pdf, id=942, 505.89pt x 505.89pt>
File: figure/RH5_password2-1.pdf Graphic file (type pdf)

<use figure/RH5_password2-1.pdf>
Package pdftex.def Info: figure/RH5_password2-1.pdf used on input line 1253.
(pdftex.def)             Requested size: 345.0pt x 345.00414pt.

Overfull \hbox (15.0pt too wide) in paragraph at lines 1253--1254
[][] 
 []

[83 <./figure/RH5_trivialcaching_password2-1.pdf>]
Overfull \hbox (19.5568pt too wide) in paragraph at lines 1256--1256
[]\OT1/cmtt/m/n/10 ## Error in eval(expr, envir, enclos): object 'shap[]cashew[
]password2'
 []


Overfull \hbox (6.74693pt too wide) in paragraph at lines 1264--1264
[]\OT1/cmtt/m/n/10 ## Hits/Misses ratio for Cashew is  9043.82541135931 % great
er than[] 
 []

Package color Info: Redefining color shadecolor on input line 1273.
[84 <./figure/RH5_password2-1.pdf>]
<figure/RH5_cashew_obscure-1.pdf, id=965, 505.89pt x 505.89pt>
File: figure/RH5_cashew_obscure-1.pdf Graphic file (type pdf)

<use figure/RH5_cashew_obscure-1.pdf>
Package pdftex.def Info: figure/RH5_cashew_obscure-1.pdf used on input line 128
2.
(pdftex.def)             Requested size: 345.0pt x 345.00414pt.

Overfull \hbox (15.0pt too wide) in paragraph at lines 1282--1283
[][] 
 []

Package color Info: Redefining color shadecolor on input line 1287.

Overfull \hbox (31.5267pt too wide) in paragraph at lines 1295--1295
[]\OT1/cmtt/m/n/10 ## Error in shapiro.test(subset(json[]data, treatment == "tr
ivialcaching"
 []

<figure/RH5_trivialcaching_obscure-1.pdf, id=966, 505.89pt x 505.89pt>
File: figure/RH5_trivialcaching_obscure-1.pdf Graphic file (type pdf)

<use figure/RH5_trivialcaching_obscure-1.pdf>
Package pdftex.def Info: figure/RH5_trivialcaching_obscure-1.pdf used on input 
line 1296.
(pdftex.def)             Requested size: 345.0pt x 345.00414pt.

Overfull \hbox (15.0pt too wide) in paragraph at lines 1296--1297
[][] 
 []

[85 <./figure/RH5_cashew_obscure-1.pdf>]
Package color Info: Redefining color shadecolor on input line 1303.

<figure/RH5_obscure-1.pdf, id=980, 505.89pt x 505.89pt>
File: figure/RH5_obscure-1.pdf Graphic file (type pdf)

<use figure/RH5_obscure-1.pdf>
Package pdftex.def Info: figure/RH5_obscure-1.pdf used on input line 1304.
(pdftex.def)             Requested size: 345.0pt x 345.00414pt.

Overfull \hbox (15.0pt too wide) in paragraph at lines 1304--1305
[][] 
 []

[86 <./figure/RH5_trivialcaching_obscure-1.pdf>]
Overfull \hbox (9.05688pt too wide) in paragraph at lines 1307--1307
[]\OT1/cmtt/m/n/10 ## Error in eval(expr, envir, enclos): object 'shap[]cashew[
]obscure'
 []


Overfull \hbox (6.74693pt too wide) in paragraph at lines 1315--1315
[]\OT1/cmtt/m/n/10 ## Hits/Misses ratio for Cashew is  3253.29482703154 % great
er than[] 
 []

Package color Info: Redefining color shadecolor on input line 1324.
[87 <./figure/RH5_obscure-1.pdf>]
<figure/RH5_cashew_crime-1.pdf, id=1003, 505.89pt x 505.89pt>
File: figure/RH5_cashew_crime-1.pdf Graphic file (type pdf)

<use figure/RH5_cashew_crime-1.pdf>
Package pdftex.def Info: figure/RH5_cashew_crime-1.pdf used on input line 1333.

(pdftex.def)             Requested size: 345.0pt x 345.00414pt.

Overfull \hbox (15.0pt too wide) in paragraph at lines 1333--1334
[][] 
 []

Package color Info: Redefining color shadecolor on input line 1338.

Overfull \hbox (31.5267pt too wide) in paragraph at lines 1346--1346
[]\OT1/cmtt/m/n/10 ## Error in shapiro.test(subset(json[]data, treatment == "tr
ivialcaching"
 []

<figure/RH5_trivialcaching_crime-1.pdf, id=1004, 505.89pt x 505.89pt>
File: figure/RH5_trivialcaching_crime-1.pdf Graphic file (type pdf)

<use figure/RH5_trivialcaching_crime-1.pdf>
Package pdftex.def Info: figure/RH5_trivialcaching_crime-1.pdf used on input li
ne 1347.
(pdftex.def)             Requested size: 345.0pt x 345.00414pt.

Overfull \hbox (15.0pt too wide) in paragraph at lines 1347--1348
[][] 
 []

[88 <./figure/RH5_cashew_crime-1.pdf>]
Package color Info: Redefining color shadecolor on input line 1354.

<figure/RH5_crime-1.pdf, id=1016, 505.89pt x 505.89pt>
File: figure/RH5_crime-1.pdf Graphic file (type pdf)

<use figure/RH5_crime-1.pdf>
Package pdftex.def Info: figure/RH5_crime-1.pdf used on input line 1355.
(pdftex.def)             Requested size: 345.0pt x 345.00414pt.

Overfull \hbox (15.0pt too wide) in paragraph at lines 1355--1356
[][] 
 []

[89 <./figure/RH5_trivialcaching_crime-1.pdf>]
Overfull \hbox (19.5568pt too wide) in paragraph at lines 1358--1358
[]\OT1/cmtt/m/n/10 ## Error in eval(expr, envir, enclos): object 'shap[]cashew[
]crime' not
 []


Overfull \hbox (6.74693pt too wide) in paragraph at lines 1366--1366
[]\OT1/cmtt/m/n/10 ## Hits/Misses ratio for Cashew is  447.607111383174 % great
er than[] 
 []

[90 <./figure/RH5_crime-1.pdf>] [91] [92] [93]
Package color Info: Redefining color shadecolor on input line 1584.

Overfull \hbox (27.74675pt too wide) in paragraph at lines 1612--1612
[]\OT1/cmtt/m/n/10 ## [1] stats     graphics  grDevices utils     datasets  met
hods   base[] 
 []


Overfull \hbox (43.49661pt too wide) in paragraph at lines 1612--1612
[]\OT1/cmtt/m/n/10 ## [1] plyr_1.8.4       jsonlite_1.5     ggplot2_2.2.1    re
producer_0.1.8[] 
 []

[94

] (./cashew-security.aux) ) 
Here is how much of TeX's memory you used:
 2507 strings out of 494884
 41123 string characters out of 6179236
 86952 words of memory out of 5000000
 5697 multiletter control sequences out of 15000+600000
 5983 words of font info for 22 fonts, out of 8000000 for 9000
 38 hyphenation exceptions out of 8191
 40i,8n,25p,293b,290s stack positions out of 5000i,500n,10000p,200000b,80000s
</usr/share/texlive/texmf-dist/fonts/type1/public/am
sfonts/cm/cmbx10.pfb></usr/share/texlive/texmf-dist/fonts/type1/public/amsfonts
/cm/cmbx12.pfb></usr/share/texlive/texmf-dist/fonts/type1/public/amsfonts/cm/cm
mib10.pfb></usr/share/texlive/texmf-dist/fonts/type1/public/amsfonts/cm/cmr10.p
fb></usr/share/texlive/texmf-dist/fonts/type1/public/amsfonts/cm/cmr12.pfb></us
r/share/texlive/texmf-dist/fonts/type1/public/amsfonts/cm/cmr17.pfb></usr/share
/texlive/texmf-dist/fonts/type1/public/amsfonts/cm/cmtt10.pfb>
Output written on cashew-security.pdf (94 pages, 497989 bytes).
PDF statistics:
 1079 PDF objects out of 1200 (max. 8388607)
 798 compressed objects within 8 object streams
 0 named destinations out of 1000 (max. 500000)
 426 words of extra memory for PDF output out of 10000 (max. 10000000)

