This is pdfTeX, Version 3.14159265-2.6-1.40.17 (TeX Live 2016/Debian) (preloaded format=pdflatex 2017.11.5)  23 JUN 2018 19:47
entering extended mode
 restricted \write18 enabled.
 %&-line parsing enabled.
**cashew-orbits.tex
(./cashew-orbits.tex
LaTeX2e <2016/03/31> patch level 3
Babel <3.9r> and hyphenation patterns for 6 language(s) loaded.
(/usr/share/texlive/texmf-dist/tex/latex/base/article.cls
Document Class: article 2014/09/29 v1.4h Standard LaTeX document class
(/usr/share/texlive/texmf-dist/tex/latex/base/size10.clo
File: size10.clo 2014/09/29 v1.4h Standard LaTeX file (size option)
)
\c@part=\count79
\c@section=\count80
\c@subsection=\count81
\c@subsubsection=\count82
\c@paragraph=\count83
\c@subparagraph=\count84
\c@figure=\count85
\c@table=\count86
\abovecaptionskip=\skip41
\belowcaptionskip=\skip42
\bibindent=\dimen102
)
(/usr/share/texlive/texmf-dist/tex/latex/graphics/graphicx.sty
Package: graphicx 2014/10/28 v1.0g Enhanced LaTeX Graphics (DPC,SPQR)

(/usr/share/texlive/texmf-dist/tex/latex/graphics/keyval.sty
Package: keyval 2014/10/28 v1.15 key=value parser (DPC)
\KV@toks@=\toks14
)
(/usr/share/texlive/texmf-dist/tex/latex/graphics/graphics.sty
Package: graphics 2016/07/10 v1.0t Standard LaTeX Graphics (DPC,SPQR)

(/usr/share/texlive/texmf-dist/tex/latex/graphics/trig.sty
Package: trig 2016/01/03 v1.10 sin cos tan (DPC)
)
(/usr/share/texlive/texmf-dist/tex/latex/graphics-cfg/graphics.cfg
File: graphics.cfg 2016/06/04 v1.11 sample graphics configuration
)
Package graphics Info: Driver file: pdftex.def on input line 99.

(/usr/share/texlive/texmf-dist/tex/latex/graphics-def/pdftex.def
File: pdftex.def 2016/07/10 v0.06j Graphics/color for pdfTeX

(/usr/share/texlive/texmf-dist/tex/generic/oberdiek/infwarerr.sty
Package: infwarerr 2016/05/16 v1.4 Providing info/warning/error messages (HO)
)
(/usr/share/texlive/texmf-dist/tex/generic/oberdiek/ltxcmds.sty
Package: ltxcmds 2016/05/16 v1.23 LaTeX kernel commands for general use (HO)
)
\Gread@gobject=\count87
))
\Gin@req@height=\dimen103
\Gin@req@width=\dimen104
)
(/usr/share/texlive/texmf-dist/tex/latex/graphics/color.sty
Package: color 2016/07/10 v1.1e Standard LaTeX Color (DPC)

(/usr/share/texlive/texmf-dist/tex/latex/graphics-cfg/color.cfg
File: color.cfg 2016/01/02 v1.6 sample color configuration
)
Package color Info: Driver file: pdftex.def on input line 147.
)
(/usr/share/texlive/texmf-dist/tex/latex/framed/framed.sty
Package: framed 2011/10/22 v 0.96: framed or shaded text with page breaks
\OuterFrameSep=\skip43
\fb@frw=\dimen105
\fb@frh=\dimen106
\FrameRule=\dimen107
\FrameSep=\dimen108
)
(/usr/share/texlive/texmf-dist/tex/latex/base/alltt.sty
Package: alltt 1997/06/16 v2.0g defines alltt environment
)
(/usr/share/texlive/texmf-dist/tex/latex/preprint/authblk.sty
Package: authblk 2001/02/27 1.3 (PWD)
\affilsep=\skip44
\@affilsep=\skip45
\c@Maxaffil=\count88
\c@authors=\count89
\c@affil=\count90
)
(/usr/share/texlive/texmf-dist/tex/latex/float/float.sty
Package: float 2001/11/08 v1.3d Float enhancements (AL)
\c@float@type=\count91
\float@exts=\toks15
\float@box=\box26
\@float@everytoks=\toks16
\@floatcapt=\box27
)
(/usr/share/texlive/texmf-dist/tex/latex/multirow/multirow.sty
\bigstrutjot=\dimen109
)
(/usr/share/texlive/texmf-dist/tex/latex/base/inputenc.sty
Package: inputenc 2015/03/17 v1.2c Input encoding file
\inpenc@prehook=\toks17
\inpenc@posthook=\toks18

(/usr/share/texlive/texmf-dist/tex/latex/base/utf8.def
File: utf8.def 2016/02/28 v1.1s UTF-8 support for inputenc
Now handling font encoding OML ...
... no UTF-8 mapping file for font encoding OML
Now handling font encoding T1 ...
... processing UTF-8 mapping file for font encoding T1

(/usr/share/texlive/texmf-dist/tex/latex/base/t1enc.dfu
File: t1enc.dfu 2016/02/28 v1.1s UTF-8 support for inputenc
   defining Unicode char U+00A0 (decimal 160)
   defining Unicode char U+00A1 (decimal 161)
   defining Unicode char U+00A3 (decimal 163)
   defining Unicode char U+00AB (decimal 171)
   defining Unicode char U+00AD (decimal 173)
   defining Unicode char U+00BB (decimal 187)
   defining Unicode char U+00BF (decimal 191)
   defining Unicode char U+00C0 (decimal 192)
   defining Unicode char U+00C1 (decimal 193)
   defining Unicode char U+00C2 (decimal 194)
   defining Unicode char U+00C3 (decimal 195)
   defining Unicode char U+00C4 (decimal 196)
   defining Unicode char U+00C5 (decimal 197)
   defining Unicode char U+00C6 (decimal 198)
   defining Unicode char U+00C7 (decimal 199)
   defining Unicode char U+00C8 (decimal 200)
   defining Unicode char U+00C9 (decimal 201)
   defining Unicode char U+00CA (decimal 202)
   defining Unicode char U+00CB (decimal 203)
   defining Unicode char U+00CC (decimal 204)
   defining Unicode char U+00CD (decimal 205)
   defining Unicode char U+00CE (decimal 206)
   defining Unicode char U+00CF (decimal 207)
   defining Unicode char U+00D0 (decimal 208)
   defining Unicode char U+00D1 (decimal 209)
   defining Unicode char U+00D2 (decimal 210)
   defining Unicode char U+00D3 (decimal 211)
   defining Unicode char U+00D4 (decimal 212)
   defining Unicode char U+00D5 (decimal 213)
   defining Unicode char U+00D6 (decimal 214)
   defining Unicode char U+00D8 (decimal 216)
   defining Unicode char U+00D9 (decimal 217)
   defining Unicode char U+00DA (decimal 218)
   defining Unicode char U+00DB (decimal 219)
   defining Unicode char U+00DC (decimal 220)
   defining Unicode char U+00DD (decimal 221)
   defining Unicode char U+00DE (decimal 222)
   defining Unicode char U+00DF (decimal 223)
   defining Unicode char U+00E0 (decimal 224)
   defining Unicode char U+00E1 (decimal 225)
   defining Unicode char U+00E2 (decimal 226)
   defining Unicode char U+00E3 (decimal 227)
   defining Unicode char U+00E4 (decimal 228)
   defining Unicode char U+00E5 (decimal 229)
   defining Unicode char U+00E6 (decimal 230)
   defining Unicode char U+00E7 (decimal 231)
   defining Unicode char U+00E8 (decimal 232)
   defining Unicode char U+00E9 (decimal 233)
   defining Unicode char U+00EA (decimal 234)
   defining Unicode char U+00EB (decimal 235)
   defining Unicode char U+00EC (decimal 236)
   defining Unicode char U+00ED (decimal 237)
   defining Unicode char U+00EE (decimal 238)
   defining Unicode char U+00EF (decimal 239)
   defining Unicode char U+00F0 (decimal 240)
   defining Unicode char U+00F1 (decimal 241)
   defining Unicode char U+00F2 (decimal 242)
   defining Unicode char U+00F3 (decimal 243)
   defining Unicode char U+00F4 (decimal 244)
   defining Unicode char U+00F5 (decimal 245)
   defining Unicode char U+00F6 (decimal 246)
   defining Unicode char U+00F8 (decimal 248)
   defining Unicode char U+00F9 (decimal 249)
   defining Unicode char U+00FA (decimal 250)
   defining Unicode char U+00FB (decimal 251)
   defining Unicode char U+00FC (decimal 252)
   defining Unicode char U+00FD (decimal 253)
   defining Unicode char U+00FE (decimal 254)
   defining Unicode char U+00FF (decimal 255)
   defining Unicode char U+0100 (decimal 256)
   defining Unicode char U+0101 (decimal 257)
   defining Unicode char U+0102 (decimal 258)
   defining Unicode char U+0103 (decimal 259)
   defining Unicode char U+0104 (decimal 260)
   defining Unicode char U+0105 (decimal 261)
   defining Unicode char U+0106 (decimal 262)
   defining Unicode char U+0107 (decimal 263)
   defining Unicode char U+0108 (decimal 264)
   defining Unicode char U+0109 (decimal 265)
   defining Unicode char U+010A (decimal 266)
   defining Unicode char U+010B (decimal 267)
   defining Unicode char U+010C (decimal 268)
   defining Unicode char U+010D (decimal 269)
   defining Unicode char U+010E (decimal 270)
   defining Unicode char U+010F (decimal 271)
   defining Unicode char U+0110 (decimal 272)
   defining Unicode char U+0111 (decimal 273)
   defining Unicode char U+0112 (decimal 274)
   defining Unicode char U+0113 (decimal 275)
   defining Unicode char U+0114 (decimal 276)
   defining Unicode char U+0115 (decimal 277)
   defining Unicode char U+0116 (decimal 278)
   defining Unicode char U+0117 (decimal 279)
   defining Unicode char U+0118 (decimal 280)
   defining Unicode char U+0119 (decimal 281)
   defining Unicode char U+011A (decimal 282)
   defining Unicode char U+011B (decimal 283)
   defining Unicode char U+011C (decimal 284)
   defining Unicode char U+011D (decimal 285)
   defining Unicode char U+011E (decimal 286)
   defining Unicode char U+011F (decimal 287)
   defining Unicode char U+0120 (decimal 288)
   defining Unicode char U+0121 (decimal 289)
   defining Unicode char U+0122 (decimal 290)
   defining Unicode char U+0123 (decimal 291)
   defining Unicode char U+0124 (decimal 292)
   defining Unicode char U+0125 (decimal 293)
   defining Unicode char U+0128 (decimal 296)
   defining Unicode char U+0129 (decimal 297)
   defining Unicode char U+012A (decimal 298)
   defining Unicode char U+012B (decimal 299)
   defining Unicode char U+012C (decimal 300)
   defining Unicode char U+012D (decimal 301)
   defining Unicode char U+012E (decimal 302)
   defining Unicode char U+012F (decimal 303)
   defining Unicode char U+0130 (decimal 304)
   defining Unicode char U+0131 (decimal 305)
   defining Unicode char U+0132 (decimal 306)
   defining Unicode char U+0133 (decimal 307)
   defining Unicode char U+0134 (decimal 308)
   defining Unicode char U+0135 (decimal 309)
   defining Unicode char U+0136 (decimal 310)
   defining Unicode char U+0137 (decimal 311)
   defining Unicode char U+0139 (decimal 313)
   defining Unicode char U+013A (decimal 314)
   defining Unicode char U+013B (decimal 315)
   defining Unicode char U+013C (decimal 316)
   defining Unicode char U+013D (decimal 317)
   defining Unicode char U+013E (decimal 318)
   defining Unicode char U+0141 (decimal 321)
   defining Unicode char U+0142 (decimal 322)
   defining Unicode char U+0143 (decimal 323)
   defining Unicode char U+0144 (decimal 324)
   defining Unicode char U+0145 (decimal 325)
   defining Unicode char U+0146 (decimal 326)
   defining Unicode char U+0147 (decimal 327)
   defining Unicode char U+0148 (decimal 328)
   defining Unicode char U+014A (decimal 330)
   defining Unicode char U+014B (decimal 331)
   defining Unicode char U+014C (decimal 332)
   defining Unicode char U+014D (decimal 333)
   defining Unicode char U+014E (decimal 334)
   defining Unicode char U+014F (decimal 335)
   defining Unicode char U+0150 (decimal 336)
   defining Unicode char U+0151 (decimal 337)
   defining Unicode char U+0152 (decimal 338)
   defining Unicode char U+0153 (decimal 339)
   defining Unicode char U+0154 (decimal 340)
   defining Unicode char U+0155 (decimal 341)
   defining Unicode char U+0156 (decimal 342)
   defining Unicode char U+0157 (decimal 343)
   defining Unicode char U+0158 (decimal 344)
   defining Unicode char U+0159 (decimal 345)
   defining Unicode char U+015A (decimal 346)
   defining Unicode char U+015B (decimal 347)
   defining Unicode char U+015C (decimal 348)
   defining Unicode char U+015D (decimal 349)
   defining Unicode char U+015E (decimal 350)
   defining Unicode char U+015F (decimal 351)
   defining Unicode char U+0160 (decimal 352)
   defining Unicode char U+0161 (decimal 353)
   defining Unicode char U+0162 (decimal 354)
   defining Unicode char U+0163 (decimal 355)
   defining Unicode char U+0164 (decimal 356)
   defining Unicode char U+0165 (decimal 357)
   defining Unicode char U+0168 (decimal 360)
   defining Unicode char U+0169 (decimal 361)
   defining Unicode char U+016A (decimal 362)
   defining Unicode char U+016B (decimal 363)
   defining Unicode char U+016C (decimal 364)
   defining Unicode char U+016D (decimal 365)
   defining Unicode char U+016E (decimal 366)
   defining Unicode char U+016F (decimal 367)
   defining Unicode char U+0170 (decimal 368)
   defining Unicode char U+0171 (decimal 369)
   defining Unicode char U+0172 (decimal 370)
   defining Unicode char U+0173 (decimal 371)
   defining Unicode char U+0174 (decimal 372)
   defining Unicode char U+0175 (decimal 373)
   defining Unicode char U+0176 (decimal 374)
   defining Unicode char U+0177 (decimal 375)
   defining Unicode char U+0178 (decimal 376)
   defining Unicode char U+0179 (decimal 377)
   defining Unicode char U+017A (decimal 378)
   defining Unicode char U+017B (decimal 379)
   defining Unicode char U+017C (decimal 380)
   defining Unicode char U+017D (decimal 381)
   defining Unicode char U+017E (decimal 382)
   defining Unicode char U+01CD (decimal 461)
   defining Unicode char U+01CE (decimal 462)
   defining Unicode char U+01CF (decimal 463)
   defining Unicode char U+01D0 (decimal 464)
   defining Unicode char U+01D1 (decimal 465)
   defining Unicode char U+01D2 (decimal 466)
   defining Unicode char U+01D3 (decimal 467)
   defining Unicode char U+01D4 (decimal 468)
   defining Unicode char U+01E2 (decimal 482)
   defining Unicode char U+01E3 (decimal 483)
   defining Unicode char U+01E6 (decimal 486)
   defining Unicode char U+01E7 (decimal 487)
   defining Unicode char U+01E8 (decimal 488)
   defining Unicode char U+01E9 (decimal 489)
   defining Unicode char U+01EA (decimal 490)
   defining Unicode char U+01EB (decimal 491)
   defining Unicode char U+01F0 (decimal 496)
   defining Unicode char U+01F4 (decimal 500)
   defining Unicode char U+01F5 (decimal 501)
   defining Unicode char U+0218 (decimal 536)
   defining Unicode char U+0219 (decimal 537)
   defining Unicode char U+021A (decimal 538)
   defining Unicode char U+021B (decimal 539)
   defining Unicode char U+1E02 (decimal 7682)
   defining Unicode char U+1E03 (decimal 7683)
   defining Unicode char U+200C (decimal 8204)
   defining Unicode char U+2010 (decimal 8208)
   defining Unicode char U+2011 (decimal 8209)
   defining Unicode char U+2012 (decimal 8210)
   defining Unicode char U+2013 (decimal 8211)
   defining Unicode char U+2014 (decimal 8212)
   defining Unicode char U+2015 (decimal 8213)
   defining Unicode char U+2018 (decimal 8216)
   defining Unicode char U+2019 (decimal 8217)
   defining Unicode char U+201A (decimal 8218)
   defining Unicode char U+201C (decimal 8220)
   defining Unicode char U+201D (decimal 8221)
   defining Unicode char U+201E (decimal 8222)
   defining Unicode char U+2030 (decimal 8240)
   defining Unicode char U+2031 (decimal 8241)
   defining Unicode char U+2039 (decimal 8249)
   defining Unicode char U+203A (decimal 8250)
   defining Unicode char U+2423 (decimal 9251)
)
Now handling font encoding OT1 ...
... processing UTF-8 mapping file for font encoding OT1

(/usr/share/texlive/texmf-dist/tex/latex/base/ot1enc.dfu
File: ot1enc.dfu 2016/02/28 v1.1s UTF-8 support for inputenc
   defining Unicode char U+00A0 (decimal 160)
   defining Unicode char U+00A1 (decimal 161)
   defining Unicode char U+00A3 (decimal 163)
   defining Unicode char U+00AD (decimal 173)
   defining Unicode char U+00B8 (decimal 184)
   defining Unicode char U+00BF (decimal 191)
   defining Unicode char U+00C5 (decimal 197)
   defining Unicode char U+00C6 (decimal 198)
   defining Unicode char U+00D8 (decimal 216)
   defining Unicode char U+00DF (decimal 223)
   defining Unicode char U+00E6 (decimal 230)
   defining Unicode char U+00EC (decimal 236)
   defining Unicode char U+00ED (decimal 237)
   defining Unicode char U+00EE (decimal 238)
   defining Unicode char U+00EF (decimal 239)
   defining Unicode char U+00F8 (decimal 248)
   defining Unicode char U+0131 (decimal 305)
   defining Unicode char U+0141 (decimal 321)
   defining Unicode char U+0142 (decimal 322)
   defining Unicode char U+0152 (decimal 338)
   defining Unicode char U+0153 (decimal 339)
   defining Unicode char U+0174 (decimal 372)
   defining Unicode char U+0175 (decimal 373)
   defining Unicode char U+0176 (decimal 374)
   defining Unicode char U+0177 (decimal 375)
   defining Unicode char U+0218 (decimal 536)
   defining Unicode char U+0219 (decimal 537)
   defining Unicode char U+021A (decimal 538)
   defining Unicode char U+021B (decimal 539)
   defining Unicode char U+2013 (decimal 8211)
   defining Unicode char U+2014 (decimal 8212)
   defining Unicode char U+2018 (decimal 8216)
   defining Unicode char U+2019 (decimal 8217)
   defining Unicode char U+201C (decimal 8220)
   defining Unicode char U+201D (decimal 8221)
)
Now handling font encoding OMS ...
... processing UTF-8 mapping file for font encoding OMS

(/usr/share/texlive/texmf-dist/tex/latex/base/omsenc.dfu
File: omsenc.dfu 2016/02/28 v1.1s UTF-8 support for inputenc
   defining Unicode char U+00A7 (decimal 167)
   defining Unicode char U+00B6 (decimal 182)
   defining Unicode char U+00B7 (decimal 183)
   defining Unicode char U+2020 (decimal 8224)
   defining Unicode char U+2021 (decimal 8225)
   defining Unicode char U+2022 (decimal 8226)
)
Now handling font encoding OMX ...
... no UTF-8 mapping file for font encoding OMX
Now handling font encoding U ...
... no UTF-8 mapping file for font encoding U
   defining Unicode char U+00A9 (decimal 169)
   defining Unicode char U+00AA (decimal 170)
   defining Unicode char U+00AE (decimal 174)
   defining Unicode char U+00BA (decimal 186)
   defining Unicode char U+02C6 (decimal 710)
   defining Unicode char U+02DC (decimal 732)
   defining Unicode char U+200C (decimal 8204)
   defining Unicode char U+2026 (decimal 8230)
   defining Unicode char U+2122 (decimal 8482)
   defining Unicode char U+2423 (decimal 9251)
))
(/usr/share/texlive/texmf-dist/tex/latex/upquote/upquote.sty
Package: upquote 2012/04/19 v1.3 upright-quote and grave-accent glyphs in verba
tim
)
(./cashew-orbits.aux)
\openout1 = `cashew-orbits.aux'.

LaTeX Font Info:    Checking defaults for OML/cmm/m/it on input line 57.
LaTeX Font Info:    ... okay on input line 57.
LaTeX Font Info:    Checking defaults for T1/cmr/m/n on input line 57.
LaTeX Font Info:    ... okay on input line 57.
LaTeX Font Info:    Checking defaults for OT1/cmr/m/n on input line 57.
LaTeX Font Info:    ... okay on input line 57.
LaTeX Font Info:    Checking defaults for OMS/cmsy/m/n on input line 57.
LaTeX Font Info:    ... okay on input line 57.
LaTeX Font Info:    Checking defaults for OMX/cmex/m/n on input line 57.
LaTeX Font Info:    ... okay on input line 57.
LaTeX Font Info:    Checking defaults for U/cmr/m/n on input line 57.
LaTeX Font Info:    ... okay on input line 57.

(/usr/share/texlive/texmf-dist/tex/context/base/mkii/supp-pdf.mkii
[Loading MPS to PDF converter (version 2006.09.02).]
\scratchcounter=\count92
\scratchdimen=\dimen110
\scratchbox=\box28
\nofMPsegments=\count93
\nofMParguments=\count94
\everyMPshowfont=\toks19
\MPscratchCnt=\count95
\MPscratchDim=\dimen111
\MPnumerator=\count96
\makeMPintoPDFobject=\count97
\everyMPtoPDFconversion=\toks20
) (/usr/share/texlive/texmf-dist/tex/generic/oberdiek/pdftexcmds.sty
Package: pdftexcmds 2016/05/21 v0.22 Utility functions of pdfTeX for LuaTeX (HO
)

(/usr/share/texlive/texmf-dist/tex/generic/oberdiek/ifluatex.sty
Package: ifluatex 2016/05/16 v1.4 Provides the ifluatex switch (HO)
Package ifluatex Info: LuaTeX not detected.
)
(/usr/share/texlive/texmf-dist/tex/generic/oberdiek/ifpdf.sty
Package: ifpdf 2016/05/14 v3.1 Provides the ifpdf switch
)
Package pdftexcmds Info: LuaTeX not detected.
Package pdftexcmds Info: \pdf@primitive is available.
Package pdftexcmds Info: \pdf@ifprimitive is available.
Package pdftexcmds Info: \pdfdraftmode found.
)
(/usr/share/texlive/texmf-dist/tex/latex/oberdiek/epstopdf-base.sty
Package: epstopdf-base 2016/05/15 v2.6 Base part for package epstopdf

(/usr/share/texlive/texmf-dist/tex/latex/oberdiek/grfext.sty
Package: grfext 2016/05/16 v1.2 Manage graphics extensions (HO)

(/usr/share/texlive/texmf-dist/tex/generic/oberdiek/kvdefinekeys.sty
Package: kvdefinekeys 2016/05/16 v1.4 Define keys (HO)
))
(/usr/share/texlive/texmf-dist/tex/latex/oberdiek/kvoptions.sty
Package: kvoptions 2016/05/16 v3.12 Key value format for package options (HO)

(/usr/share/texlive/texmf-dist/tex/generic/oberdiek/kvsetkeys.sty
Package: kvsetkeys 2016/05/16 v1.17 Key value parser (HO)

(/usr/share/texlive/texmf-dist/tex/generic/oberdiek/etexcmds.sty
Package: etexcmds 2016/05/16 v1.6 Avoid name clashes with e-TeX commands (HO)
Package etexcmds Info: Could not find \expanded.
(etexcmds)             That can mean that you are not using pdfTeX 1.50 or
(etexcmds)             that some package has redefined \expanded.
(etexcmds)             In the latter case, load this package earlier.
)))
Package epstopdf-base Info: Redefining graphics rule for `.eps' on input line 4
38.
Package grfext Info: Graphics extension search list:
(grfext)             [.png,.pdf,.jpg,.mps,.jpeg,.jbig2,.jb2,.PNG,.PDF,.JPG,.JPE
G,.JBIG2,.JB2,.eps]
(grfext)             \AppendGraphicsExtensions on input line 456.

(/usr/share/texlive/texmf-dist/tex/latex/latexconfig/epstopdf-sys.cfg
File: epstopdf-sys.cfg 2010/07/13 v1.3 Configuration of (r)epstopdf for TeX Liv
e
))
Package color Info: Redefining color shadecolor on input line 74.

<figure/overview_averageTime-1.pdf, id=1, 505.89pt x 505.89pt>
File: figure/overview_averageTime-1.pdf Graphic file (type pdf)

<use figure/overview_averageTime-1.pdf>
Package pdftex.def Info: figure/overview_averageTime-1.pdf used on input line 7
5.
(pdftex.def)             Requested size: 345.0pt x 345.00414pt.
Package color Info: Redefining color shadecolor on input line 79.

<figure/overview_maxTime-1.pdf, id=2, 505.89pt x 505.89pt> [1

{/var/lib/texmf/fonts/map/pdftex/updmap/pdftex.map}]
File: figure/overview_maxTime-1.pdf Graphic file (type pdf)
 <use figure/overview_maxTime-1.pdf>
Package pdftex.def Info: figure/overview_maxTime-1.pdf used on input line 80.
(pdftex.def)             Requested size: 345.0pt x 345.00414pt.

Overfull \hbox (15.0pt too wide) in paragraph at lines 80--81
[][] 
 []

Package color Info: Redefining color shadecolor on input line 84.
<figure/overview_sumTime-1.pdf, id=12, 505.89pt x 505.89pt> [2 <./figure/overvi
ew_averageTime-1.pdf>]
File: figure/overview_sumTime-1.pdf Graphic file (type pdf)
 <use figure/overview_sumTime-1.pdf>
Package pdftex.def Info: figure/overview_sumTime-1.pdf used on input line 85.
(pdftex.def)             Requested size: 345.0pt x 345.00414pt.

Overfull \hbox (15.0pt too wide) in paragraph at lines 85--86
[][] 
 []

Package color Info: Redefining color shadecolor on input line 89.
<figure/overview_orbits-1.pdf, id=21, 505.89pt x 505.89pt> [3 <./figure/overvie
w_maxTime-1.pdf>]
File: figure/overview_orbits-1.pdf Graphic file (type pdf)
 <use figure/overview_orbits-1.pdf>
Package pdftex.def Info: figure/overview_orbits-1.pdf used on input line 90.
(pdftex.def)             Requested size: 345.0pt x 345.00414pt.

Overfull \hbox (15.0pt too wide) in paragraph at lines 90--91
[][] 
 []

[4 <./figure/overview_sumTime-1.pdf>]
Package color Info: Redefining color shadecolor on input line 99.

<figure/small-1.pdf, id=38, 505.89pt x 505.89pt>
File: figure/small-1.pdf Graphic file (type pdf)
 <use figure/small-1.pdf>
Package pdftex.def Info: figure/small-1.pdf used on input line 100.
(pdftex.def)             Requested size: 345.0pt x 345.00414pt.

<figure/small-2.pdf, id=39, 505.89pt x 505.89pt> [5 <./figure/overview_orbits-1
.pdf>]
File: figure/small-2.pdf Graphic file (type pdf)
 <use figure/small-2.pdf>
Package pdftex.def Info: figure/small-2.pdf used on input line 102.
(pdftex.def)             Requested size: 345.0pt x 345.00414pt.

Overfull \hbox (15.0pt too wide) in paragraph at lines 102--103
[][] 
 []

<figure/small-3.pdf, id=49, 505.89pt x 505.89pt> [6 <./figure/small-1.pdf>]
File: figure/small-3.pdf Graphic file (type pdf)

<use figure/small-3.pdf>
Package pdftex.def Info: figure/small-3.pdf used on input line 104.
(pdftex.def)             Requested size: 345.0pt x 345.00414pt.

Overfull \hbox (15.0pt too wide) in paragraph at lines 104--105
[][] 
 []

<figure/small-4.pdf, id=61, 505.89pt x 505.89pt> [7 <./figure/small-2.pdf>]
File: figure/small-4.pdf Graphic file (type pdf)

<use figure/small-4.pdf>
Package pdftex.def Info: figure/small-4.pdf used on input line 106.
(pdftex.def)             Requested size: 345.0pt x 345.00414pt.

Overfull \hbox (15.0pt too wide) in paragraph at lines 106--107
[][] 
 []

[8 <./figure/small-3.pdf>]
Package color Info: Redefining color shadecolor on input line 111.
 <figure/big-1.pdf, id=85, 505.89pt x 505.89pt>
File: figure/big-1.pdf Graphic file (type pdf)

<use figure/big-1.pdf>
Package pdftex.def Info: figure/big-1.pdf used on input line 112.
(pdftex.def)             Requested size: 345.0pt x 345.00414pt.
 <figure/big-2.pdf, id=86, 505.89pt x 505.89pt> [9 <./figure/small-4.pdf>]
File: figure/big-2.pdf Graphic file (type pdf)
 <use figure/big-2.pdf>
Package pdftex.def Info: figure/big-2.pdf used on input line 114.
(pdftex.def)             Requested size: 345.0pt x 345.00414pt.

Overfull \hbox (15.0pt too wide) in paragraph at lines 114--115
[][] 
 []

<figure/big-3.pdf, id=98, 505.89pt x 505.89pt> [10 <./figure/big-1.pdf>]
File: figure/big-3.pdf Graphic file (type pdf)

<use figure/big-3.pdf>
Package pdftex.def Info: figure/big-3.pdf used on input line 116.
(pdftex.def)             Requested size: 345.0pt x 345.00414pt.

Overfull \hbox (15.0pt too wide) in paragraph at lines 116--117
[][] 
 []

<figure/big-4.pdf, id=110, 505.89pt x 505.89pt> [11 <./figure/big-2.pdf>]
File: figure/big-4.pdf Graphic file (type pdf)

<use figure/big-4.pdf>
Package pdftex.def Info: figure/big-4.pdf used on input line 118.
(pdftex.def)             Requested size: 345.0pt x 345.00414pt.

Overfull \hbox (15.0pt too wide) in paragraph at lines 118--119
[][] 
 []

[12 <./figure/big-3.pdf>]
Package color Info: Redefining color shadecolor on input line 129.

<figure/overview_RH1-1.pdf, id=133, 505.89pt x 505.89pt>
File: figure/overview_RH1-1.pdf Graphic file (type pdf)

<use figure/overview_RH1-1.pdf>
Package pdftex.def Info: figure/overview_RH1-1.pdf used on input line 130.
(pdftex.def)             Requested size: 345.0pt x 345.00414pt.
 [13 <./figure/big-4.pdf>]
Package color Info: Redefining color shadecolor on input line 139.
LaTeX Font Info:    Font shape `OT1/cmtt/bx/n' in size <10> not available
(Font)              Font shape `OT1/cmtt/m/n' tried instead on input line 147.

<figure/RH1_cashew_small-1.pdf, id=146, 505.89pt x 505.89pt>
File: figure/RH1_cashew_small-1.pdf Graphic file (type pdf)

<use figure/RH1_cashew_small-1.pdf>
Package pdftex.def Info: figure/RH1_cashew_small-1.pdf used on input line 148.
(pdftex.def)             Requested size: 345.0pt x 345.00414pt.

Overfull \hbox (15.0pt too wide) in paragraph at lines 148--149
[][] 
 []

[14 <./figure/overview_RH1-1.pdf>]
Package color Info: Redefining color shadecolor on input line 153.

Overfull \hbox (5.27693pt too wide) in paragraph at lines 161--161
[]\OT1/cmtt/m/n/10 ## Error in shapiro.test(subset(json[]data, treatment == "no
Cache" &
 []

<figure/RH1_noCache_small-1.pdf, id=157, 505.89pt x 505.89pt>
File: figure/RH1_noCache_small-1.pdf Graphic file (type pdf)

<use figure/RH1_noCache_small-1.pdf>
Package pdftex.def Info: figure/RH1_noCache_small-1.pdf used on input line 162.

(pdftex.def)             Requested size: 345.0pt x 345.00414pt.

Overfull \hbox (15.0pt too wide) in paragraph at lines 162--163
[][] 
 []

[15 <./figure/RH1_cashew_small-1.pdf>]
Package color Info: Redefining color shadecolor on input line 169.

<figure/RH1_small-1.pdf, id=169, 505.89pt x 505.89pt>
File: figure/RH1_small-1.pdf Graphic file (type pdf)

<use figure/RH1_small-1.pdf>
Package pdftex.def Info: figure/RH1_small-1.pdf used on input line 170.
(pdftex.def)             Requested size: 345.0pt x 345.00414pt.

Overfull \hbox (15.0pt too wide) in paragraph at lines 170--171
[][] 
 []

[16 <./figure/RH1_noCache_small-1.pdf>]
Overfull \hbox (19.5568pt too wide) in paragraph at lines 173--173
[]\OT1/cmtt/m/n/10 ## Error in eval(expr, envir, enclos): object 'shap[]cashew[
]small' not
 []

Package color Info: Redefining color shadecolor on input line 190.
[17 <./figure/RH1_small-1.pdf>]
<figure/RH1_cashew_big-1.pdf, id=192, 505.89pt x 505.89pt>
File: figure/RH1_cashew_big-1.pdf Graphic file (type pdf)

<use figure/RH1_cashew_big-1.pdf>
Package pdftex.def Info: figure/RH1_cashew_big-1.pdf used on input line 199.
(pdftex.def)             Requested size: 345.0pt x 345.00414pt.

Overfull \hbox (15.0pt too wide) in paragraph at lines 199--200
[][] 
 []

Package color Info: Redefining color shadecolor on input line 204.

Overfull \hbox (5.27693pt too wide) in paragraph at lines 212--212
[]\OT1/cmtt/m/n/10 ## Error in shapiro.test(subset(json[]data, treatment == "no
Cache" &
 []

<figure/RH1_noCache_big-1.pdf, id=193, 505.89pt x 505.89pt>
File: figure/RH1_noCache_big-1.pdf Graphic file (type pdf)

<use figure/RH1_noCache_big-1.pdf>
Package pdftex.def Info: figure/RH1_noCache_big-1.pdf used on input line 213.
(pdftex.def)             Requested size: 345.0pt x 345.00414pt.

Overfull \hbox (15.0pt too wide) in paragraph at lines 213--214
[][] 
 []

[18 <./figure/RH1_cashew_big-1.pdf>]
Package color Info: Redefining color shadecolor on input line 220.

<figure/RH1_big-1.pdf, id=205, 505.89pt x 505.89pt>
File: figure/RH1_big-1.pdf Graphic file (type pdf)
 <use figure/RH1_big-1.pdf>
Package pdftex.def Info: figure/RH1_big-1.pdf used on input line 221.
(pdftex.def)             Requested size: 345.0pt x 345.00414pt.

Overfull \hbox (15.0pt too wide) in paragraph at lines 221--222
[][] 
 []

[19 <./figure/RH1_noCache_big-1.pdf>]
Overfull \hbox (9.05688pt too wide) in paragraph at lines 224--224
[]\OT1/cmtt/m/n/10 ## Error in eval(expr, envir, enclos): object 'shap[]cashew[
]big' not
 []

LaTeX Font Info:    External font `cmex10' loaded for size
(Font)              <7> on input line 246.
LaTeX Font Info:    External font `cmex10' loaded for size
(Font)              <5> on input line 246.
[20 <./figure/RH1_big-1.pdf>]
LaTeX Font Info:    Try loading font information for OML+cmr on input line 256.


(/usr/share/texlive/texmf-dist/tex/latex/base/omlcmr.fd
File: omlcmr.fd 2014/09/29 v2.5h Standard LaTeX font definitions
)
LaTeX Font Info:    Font shape `OML/cmr/bx/n' in size <10> not available
(Font)              Font shape `OML/cmm/b/it' tried instead on input line 256.
Package color Info: Redefining color shadecolor on input line 277.

<figure/overview_RH2-1.pdf, id=229, 505.89pt x 505.89pt>
File: figure/overview_RH2-1.pdf Graphic file (type pdf)

<use figure/overview_RH2-1.pdf>
Package pdftex.def Info: figure/overview_RH2-1.pdf used on input line 278.
(pdftex.def)             Requested size: 345.0pt x 345.00414pt.
 [21]
Package color Info: Redefining color shadecolor on input line 287.

<figure/RH2_cashew_small-1.pdf, id=234, 505.89pt x 505.89pt>
File: figure/RH2_cashew_small-1.pdf Graphic file (type pdf)

<use figure/RH2_cashew_small-1.pdf>
Package pdftex.def Info: figure/RH2_cashew_small-1.pdf used on input line 296.
(pdftex.def)             Requested size: 345.0pt x 345.00414pt.

Overfull \hbox (15.0pt too wide) in paragraph at lines 296--297
[][] 
 []

[22 <./figure/overview_RH2-1.pdf>]
Package color Info: Redefining color shadecolor on input line 301.

Overfull \hbox (5.27693pt too wide) in paragraph at lines 309--309
[]\OT1/cmtt/m/n/10 ## Error in shapiro.test(subset(json[]data, treatment == "no
Cache" &
 []

<figure/RH2_noCache_small-1.pdf, id=243, 505.89pt x 505.89pt>
File: figure/RH2_noCache_small-1.pdf Graphic file (type pdf)

<use figure/RH2_noCache_small-1.pdf>
Package pdftex.def Info: figure/RH2_noCache_small-1.pdf used on input line 310.

(pdftex.def)             Requested size: 345.0pt x 345.00414pt.

Overfull \hbox (15.0pt too wide) in paragraph at lines 310--311
[][] 
 []

[23 <./figure/RH2_cashew_small-1.pdf>]
Package color Info: Redefining color shadecolor on input line 317.

<figure/RH2_small-1.pdf, id=255, 505.89pt x 505.89pt>
File: figure/RH2_small-1.pdf Graphic file (type pdf)

<use figure/RH2_small-1.pdf>
Package pdftex.def Info: figure/RH2_small-1.pdf used on input line 318.
(pdftex.def)             Requested size: 345.0pt x 345.00414pt.

Overfull \hbox (15.0pt too wide) in paragraph at lines 318--319
[][] 
 []

[24 <./figure/RH2_noCache_small-1.pdf>]
Overfull \hbox (19.5568pt too wide) in paragraph at lines 321--321
[]\OT1/cmtt/m/n/10 ## Error in eval(expr, envir, enclos): object 'shap[]cashew[
]small' not
 []


Overfull \hbox (48.74657pt too wide) in paragraph at lines 329--329
[]\OT1/cmtt/m/n/10 ## Maximum time for All transformations is  8.25271980939805
 % greater than[] 
 []

Package color Info: Redefining color shadecolor on input line 338.
[25 <./figure/RH2_small-1.pdf>]
<figure/RH2_cashew_big-1.pdf, id=279, 505.89pt x 505.89pt>
File: figure/RH2_cashew_big-1.pdf Graphic file (type pdf)

<use figure/RH2_cashew_big-1.pdf>
Package pdftex.def Info: figure/RH2_cashew_big-1.pdf used on input line 347.
(pdftex.def)             Requested size: 345.0pt x 345.00414pt.

Overfull \hbox (15.0pt too wide) in paragraph at lines 347--348
[][] 
 []

Package color Info: Redefining color shadecolor on input line 352.

Overfull \hbox (5.27693pt too wide) in paragraph at lines 360--360
[]\OT1/cmtt/m/n/10 ## Error in shapiro.test(subset(json[]data, treatment == "no
Cache" &
 []

<figure/RH2_noCache_big-1.pdf, id=280, 505.89pt x 505.89pt>
File: figure/RH2_noCache_big-1.pdf Graphic file (type pdf)

<use figure/RH2_noCache_big-1.pdf>
Package pdftex.def Info: figure/RH2_noCache_big-1.pdf used on input line 361.
(pdftex.def)             Requested size: 345.0pt x 345.00414pt.

Overfull \hbox (15.0pt too wide) in paragraph at lines 361--362
[][] 
 []

[26 <./figure/RH2_cashew_big-1.pdf>]
Package color Info: Redefining color shadecolor on input line 368.

<figure/RH2_big-1.pdf, id=293, 505.89pt x 505.89pt>
File: figure/RH2_big-1.pdf Graphic file (type pdf)
 <use figure/RH2_big-1.pdf>
Package pdftex.def Info: figure/RH2_big-1.pdf used on input line 369.
(pdftex.def)             Requested size: 345.0pt x 345.00414pt.

Overfull \hbox (15.0pt too wide) in paragraph at lines 369--370
[][] 
 []

[27 <./figure/RH2_noCache_big-1.pdf>]
Overfull \hbox (9.05688pt too wide) in paragraph at lines 372--372
[]\OT1/cmtt/m/n/10 ## Error in eval(expr, envir, enclos): object 'shap[]cashew[
]big' not
 []

[28 <./figure/RH2_big-1.pdf>]
Package color Info: Redefining color shadecolor on input line 425.

<figure/overview_RH3-1.pdf, id=316, 505.89pt x 505.89pt>
File: figure/overview_RH3-1.pdf Graphic file (type pdf)

<use figure/overview_RH3-1.pdf>
Package pdftex.def Info: figure/overview_RH3-1.pdf used on input line 426.
(pdftex.def)             Requested size: 345.0pt x 345.00414pt.
 [29]
Package color Info: Redefining color shadecolor on input line 435.

<figure/RH3_cashew_small-1.pdf, id=320, 505.89pt x 505.89pt>
File: figure/RH3_cashew_small-1.pdf Graphic file (type pdf)

<use figure/RH3_cashew_small-1.pdf>
Package pdftex.def Info: figure/RH3_cashew_small-1.pdf used on input line 444.
(pdftex.def)             Requested size: 345.0pt x 345.00414pt.

Overfull \hbox (15.0pt too wide) in paragraph at lines 444--445
[][] 
 []

[30 <./figure/overview_RH3-1.pdf>]
Package color Info: Redefining color shadecolor on input line 449.

Overfull \hbox (5.27693pt too wide) in paragraph at lines 457--457
[]\OT1/cmtt/m/n/10 ## Error in shapiro.test(subset(json[]data, treatment == "no
Cache" &
 []

<figure/RH3_noCache_small-1.pdf, id=329, 505.89pt x 505.89pt>
File: figure/RH3_noCache_small-1.pdf Graphic file (type pdf)

<use figure/RH3_noCache_small-1.pdf>
Package pdftex.def Info: figure/RH3_noCache_small-1.pdf used on input line 458.

(pdftex.def)             Requested size: 345.0pt x 345.00414pt.

Overfull \hbox (15.0pt too wide) in paragraph at lines 458--459
[][] 
 []

[31 <./figure/RH3_cashew_small-1.pdf>]
Package color Info: Redefining color shadecolor on input line 465.

<figure/RH3_small-1.pdf, id=342, 505.89pt x 505.89pt>
File: figure/RH3_small-1.pdf Graphic file (type pdf)

<use figure/RH3_small-1.pdf>
Package pdftex.def Info: figure/RH3_small-1.pdf used on input line 466.
(pdftex.def)             Requested size: 345.0pt x 345.00414pt.

Overfull \hbox (15.0pt too wide) in paragraph at lines 466--467
[][] 
 []

[32 <./figure/RH3_noCache_small-1.pdf>]
Overfull \hbox (19.5568pt too wide) in paragraph at lines 469--469
[]\OT1/cmtt/m/n/10 ## Error in eval(expr, envir, enclos): object 'shap[]cashew[
]small' not
 []

Package color Info: Redefining color shadecolor on input line 486.
[33 <./figure/RH3_small-1.pdf>]
<figure/RH3_cashew_big-1.pdf, id=365, 505.89pt x 505.89pt>
File: figure/RH3_cashew_big-1.pdf Graphic file (type pdf)

<use figure/RH3_cashew_big-1.pdf>
Package pdftex.def Info: figure/RH3_cashew_big-1.pdf used on input line 495.
(pdftex.def)             Requested size: 345.0pt x 345.00414pt.

Overfull \hbox (15.0pt too wide) in paragraph at lines 495--496
[][] 
 []

Package color Info: Redefining color shadecolor on input line 500.

Overfull \hbox (5.27693pt too wide) in paragraph at lines 508--508
[]\OT1/cmtt/m/n/10 ## Error in shapiro.test(subset(json[]data, treatment == "no
Cache" &
 []

<figure/RH3_noCache_big-1.pdf, id=366, 505.89pt x 505.89pt>
File: figure/RH3_noCache_big-1.pdf Graphic file (type pdf)

<use figure/RH3_noCache_big-1.pdf>
Package pdftex.def Info: figure/RH3_noCache_big-1.pdf used on input line 509.
(pdftex.def)             Requested size: 345.0pt x 345.00414pt.

Overfull \hbox (15.0pt too wide) in paragraph at lines 509--510
[][] 
 []

[34 <./figure/RH3_cashew_big-1.pdf>]
Package color Info: Redefining color shadecolor on input line 516.

<figure/RH3_big-1.pdf, id=378, 505.89pt x 505.89pt>
File: figure/RH3_big-1.pdf Graphic file (type pdf)
 <use figure/RH3_big-1.pdf>
Package pdftex.def Info: figure/RH3_big-1.pdf used on input line 517.
(pdftex.def)             Requested size: 345.0pt x 345.00414pt.

Overfull \hbox (15.0pt too wide) in paragraph at lines 517--518
[][] 
 []

[35 <./figure/RH3_noCache_big-1.pdf>]
Overfull \hbox (9.05688pt too wide) in paragraph at lines 520--520
[]\OT1/cmtt/m/n/10 ## Error in eval(expr, envir, enclos): object 'shap[]cashew[
]big' not
 []

[36 <./figure/RH3_big-1.pdf>]
Package color Info: Redefining color shadecolor on input line 573.

<figure/overview_RH4-1.pdf, id=401, 505.89pt x 505.89pt>
File: figure/overview_RH4-1.pdf Graphic file (type pdf)

<use figure/overview_RH4-1.pdf>
Package pdftex.def Info: figure/overview_RH4-1.pdf used on input line 574.
(pdftex.def)             Requested size: 345.0pt x 345.00414pt.
 [37]
Package color Info: Redefining color shadecolor on input line 583.

<figure/RH4_cashew_small-1.pdf, id=406, 505.89pt x 505.89pt>
File: figure/RH4_cashew_small-1.pdf Graphic file (type pdf)

<use figure/RH4_cashew_small-1.pdf>
Package pdftex.def Info: figure/RH4_cashew_small-1.pdf used on input line 592.
(pdftex.def)             Requested size: 345.0pt x 345.00414pt.

Overfull \hbox (15.0pt too wide) in paragraph at lines 592--593
[][] 
 []

[38 <./figure/overview_RH4-1.pdf>]
Package color Info: Redefining color shadecolor on input line 597.

Overfull \hbox (5.27693pt too wide) in paragraph at lines 605--605
[]\OT1/cmtt/m/n/10 ## Error in shapiro.test(subset(json[]data, treatment == "no
Cache" &
 []

<figure/RH4_noCache_small-1.pdf, id=415, 505.89pt x 505.89pt>
File: figure/RH4_noCache_small-1.pdf Graphic file (type pdf)

<use figure/RH4_noCache_small-1.pdf>
Package pdftex.def Info: figure/RH4_noCache_small-1.pdf used on input line 606.

(pdftex.def)             Requested size: 345.0pt x 345.00414pt.

Overfull \hbox (15.0pt too wide) in paragraph at lines 606--607
[][] 
 []

[39 <./figure/RH4_cashew_small-1.pdf>]
Package color Info: Redefining color shadecolor on input line 613.

<figure/RH4_small-1.pdf, id=427, 505.89pt x 505.89pt>
File: figure/RH4_small-1.pdf Graphic file (type pdf)

<use figure/RH4_small-1.pdf>
Package pdftex.def Info: figure/RH4_small-1.pdf used on input line 614.
(pdftex.def)             Requested size: 345.0pt x 345.00414pt.

Overfull \hbox (15.0pt too wide) in paragraph at lines 614--615
[][] 
 []

[40 <./figure/RH4_noCache_small-1.pdf>]
Overfull \hbox (19.5568pt too wide) in paragraph at lines 617--617
[]\OT1/cmtt/m/n/10 ## Error in eval(expr, envir, enclos): object 'shap[]cashew[
]small' not
 []


Overfull \hbox (11.99689pt too wide) in paragraph at lines 625--625
[]\OT1/cmtt/m/n/10 ## Number of Orbits for No cache is  2597.22222222222 % grea
ter than[] 
 []

Package color Info: Redefining color shadecolor on input line 634.
[41 <./figure/RH4_small-1.pdf>]
<figure/RH4_cashew_big-1.pdf, id=451, 505.89pt x 505.89pt>
File: figure/RH4_cashew_big-1.pdf Graphic file (type pdf)

<use figure/RH4_cashew_big-1.pdf>
Package pdftex.def Info: figure/RH4_cashew_big-1.pdf used on input line 643.
(pdftex.def)             Requested size: 345.0pt x 345.00414pt.

Overfull \hbox (15.0pt too wide) in paragraph at lines 643--644
[][] 
 []

Package color Info: Redefining color shadecolor on input line 648.

Overfull \hbox (5.27693pt too wide) in paragraph at lines 656--656
[]\OT1/cmtt/m/n/10 ## Error in shapiro.test(subset(json[]data, treatment == "no
Cache" &
 []

<figure/RH4_noCache_big-1.pdf, id=452, 505.89pt x 505.89pt>
File: figure/RH4_noCache_big-1.pdf Graphic file (type pdf)

<use figure/RH4_noCache_big-1.pdf>
Package pdftex.def Info: figure/RH4_noCache_big-1.pdf used on input line 657.
(pdftex.def)             Requested size: 345.0pt x 345.00414pt.

Overfull \hbox (15.0pt too wide) in paragraph at lines 657--658
[][] 
 []

[42 <./figure/RH4_cashew_big-1.pdf>]
Package color Info: Redefining color shadecolor on input line 664.

<figure/RH4_big-1.pdf, id=464, 505.89pt x 505.89pt>
File: figure/RH4_big-1.pdf Graphic file (type pdf)
 <use figure/RH4_big-1.pdf>
Package pdftex.def Info: figure/RH4_big-1.pdf used on input line 665.
(pdftex.def)             Requested size: 345.0pt x 345.00414pt.

Overfull \hbox (15.0pt too wide) in paragraph at lines 665--666
[][] 
 []

[43 <./figure/RH4_noCache_big-1.pdf>]
Overfull \hbox (9.05688pt too wide) in paragraph at lines 668--668
[]\OT1/cmtt/m/n/10 ## Error in eval(expr, envir, enclos): object 'shap[]cashew[
]big' not
 []


Overfull \hbox (11.99689pt too wide) in paragraph at lines 676--676
[]\OT1/cmtt/m/n/10 ## Number of Orbits for No cache is  955.882352941176 % grea
ter than[] 
 []

[44 <./figure/RH4_big-1.pdf>]
Package color Info: Redefining color shadecolor on input line 721.

<figure/overview_RH5-1.pdf, id=488, 505.89pt x 505.89pt>
File: figure/overview_RH5-1.pdf Graphic file (type pdf)

<use figure/overview_RH5-1.pdf>
Package pdftex.def Info: figure/overview_RH5-1.pdf used on input line 722.
(pdftex.def)             Requested size: 345.0pt x 345.00414pt.
 [45]
Package color Info: Redefining color shadecolor on input line 731.

<figure/RH5_cashew_small-1.pdf, id=492, 505.89pt x 505.89pt>
File: figure/RH5_cashew_small-1.pdf Graphic file (type pdf)

<use figure/RH5_cashew_small-1.pdf>
Package pdftex.def Info: figure/RH5_cashew_small-1.pdf used on input line 740.
(pdftex.def)             Requested size: 345.0pt x 345.00414pt.

Overfull \hbox (15.0pt too wide) in paragraph at lines 740--741
[][] 
 []

[46 <./figure/overview_RH5-1.pdf>]
Package color Info: Redefining color shadecolor on input line 745.

Overfull \hbox (47.27657pt too wide) in paragraph at lines 753--753
[]\OT1/cmtt/m/n/10 ## Error in shapiro.test(subset(json[]data, treatment == "ca
shewExceptOrder"
 []

<figure/RH5_cashewExceptOrder_small-1.pdf, id=501, 505.89pt x 505.89pt>
File: figure/RH5_cashewExceptOrder_small-1.pdf Graphic file (type pdf)

<use figure/RH5_cashewExceptOrder_small-1.pdf>
Package pdftex.def Info: figure/RH5_cashewExceptOrder_small-1.pdf used on input
 line 754.
(pdftex.def)             Requested size: 345.0pt x 345.00414pt.

Overfull \hbox (15.0pt too wide) in paragraph at lines 754--755
[][] 
 []

[47 <./figure/RH5_cashew_small-1.pdf>]
Package color Info: Redefining color shadecolor on input line 761.

<figure/RH5_small-1.pdf, id=513, 505.89pt x 505.89pt>
File: figure/RH5_small-1.pdf Graphic file (type pdf)

<use figure/RH5_small-1.pdf>
Package pdftex.def Info: figure/RH5_small-1.pdf used on input line 762.
(pdftex.def)             Requested size: 345.0pt x 345.00414pt.

Overfull \hbox (15.0pt too wide) in paragraph at lines 762--763
[][] 
 []

[48 <./figure/RH5_cashewExceptOrder_small-1.pdf>]
Overfull \hbox (19.5568pt too wide) in paragraph at lines 765--765
[]\OT1/cmtt/m/n/10 ## Error in eval(expr, envir, enclos): object 'shap[]cashew[
]small' not
 []


Overfull \hbox (32.9967pt too wide) in paragraph at lines 773--773
[]\OT1/cmtt/m/n/10 ## Number of Orbits for Except order is  4.44444444444444 % 
greater than[] 
 []

Package color Info: Redefining color shadecolor on input line 782.
[49 <./figure/RH5_small-1.pdf>]
<figure/RH5_cashew_big-1.pdf, id=537, 505.89pt x 505.89pt>
File: figure/RH5_cashew_big-1.pdf Graphic file (type pdf)

<use figure/RH5_cashew_big-1.pdf>
Package pdftex.def Info: figure/RH5_cashew_big-1.pdf used on input line 791.
(pdftex.def)             Requested size: 345.0pt x 345.00414pt.

Overfull \hbox (15.0pt too wide) in paragraph at lines 791--792
[][] 
 []

Package color Info: Redefining color shadecolor on input line 796.

Overfull \hbox (47.27657pt too wide) in paragraph at lines 804--804
[]\OT1/cmtt/m/n/10 ## Error in shapiro.test(subset(json[]data, treatment == "ca
shewExceptOrder"
 []

<figure/RH5_cashewExceptOrder_big-1.pdf, id=538, 505.89pt x 505.89pt>
File: figure/RH5_cashewExceptOrder_big-1.pdf Graphic file (type pdf)

<use figure/RH5_cashewExceptOrder_big-1.pdf>
Package pdftex.def Info: figure/RH5_cashewExceptOrder_big-1.pdf used on input l
ine 805.
(pdftex.def)             Requested size: 345.0pt x 345.00414pt.

Overfull \hbox (15.0pt too wide) in paragraph at lines 805--806
[][] 
 []

[50 <./figure/RH5_cashew_big-1.pdf>]
Package color Info: Redefining color shadecolor on input line 812.

<figure/RH5_big-1.pdf, id=550, 505.89pt x 505.89pt>
File: figure/RH5_big-1.pdf Graphic file (type pdf)
 <use figure/RH5_big-1.pdf>
Package pdftex.def Info: figure/RH5_big-1.pdf used on input line 813.
(pdftex.def)             Requested size: 345.0pt x 345.00414pt.

Overfull \hbox (15.0pt too wide) in paragraph at lines 813--814
[][] 
 []

[51 <./figure/RH5_cashewExceptOrder_big-1.pdf>]
Overfull \hbox (9.05688pt too wide) in paragraph at lines 816--816
[]\OT1/cmtt/m/n/10 ## Error in eval(expr, envir, enclos): object 'shap[]cashew[
]big' not
 []


Overfull \hbox (32.9967pt too wide) in paragraph at lines 824--824
[]\OT1/cmtt/m/n/10 ## Number of Orbits for Except order is  111.764705882353 % 
greater than[] 
 []

[52 <./figure/RH5_big-1.pdf>]
Package color Info: Redefining color shadecolor on input line 869.

<figure/overview_RH6-1.pdf, id=574, 505.89pt x 505.89pt>
File: figure/overview_RH6-1.pdf Graphic file (type pdf)

<use figure/overview_RH6-1.pdf>
Package pdftex.def Info: figure/overview_RH6-1.pdf used on input line 870.
(pdftex.def)             Requested size: 345.0pt x 345.00414pt.
 [53]
Package color Info: Redefining color shadecolor on input line 879.

<figure/RH6_cashew_small-1.pdf, id=578, 505.89pt x 505.89pt>
File: figure/RH6_cashew_small-1.pdf Graphic file (type pdf)

<use figure/RH6_cashew_small-1.pdf>
Package pdftex.def Info: figure/RH6_cashew_small-1.pdf used on input line 888.
(pdftex.def)             Requested size: 345.0pt x 345.00414pt.

Overfull \hbox (15.0pt too wide) in paragraph at lines 888--889
[][] 
 []

[54 <./figure/overview_RH6-1.pdf>]
Package color Info: Redefining color shadecolor on input line 893.

Overfull \hbox (52.52652pt too wide) in paragraph at lines 901--901
[]\OT1/cmtt/m/n/10 ## Error in shapiro.test(subset(json[]data, treatment == "ca
shewExceptReduce"
 []

<figure/RH6_cashewExceptReduce_small-1.pdf, id=587, 505.89pt x 505.89pt>
File: figure/RH6_cashewExceptReduce_small-1.pdf Graphic file (type pdf)

<use figure/RH6_cashewExceptReduce_small-1.pdf>
Package pdftex.def Info: figure/RH6_cashewExceptReduce_small-1.pdf used on inpu
t line 902.
(pdftex.def)             Requested size: 345.0pt x 345.00414pt.

Overfull \hbox (15.0pt too wide) in paragraph at lines 902--903
[][] 
 []

[55 <./figure/RH6_cashew_small-1.pdf>]
Package color Info: Redefining color shadecolor on input line 909.

<figure/RH6_small-1.pdf, id=600, 505.89pt x 505.89pt>
File: figure/RH6_small-1.pdf Graphic file (type pdf)

<use figure/RH6_small-1.pdf>
Package pdftex.def Info: figure/RH6_small-1.pdf used on input line 910.
(pdftex.def)             Requested size: 345.0pt x 345.00414pt.

Overfull \hbox (15.0pt too wide) in paragraph at lines 910--911
[][] 
 []

[56 <./figure/RH6_cashewExceptReduce_small-1.pdf>]
Overfull \hbox (19.5568pt too wide) in paragraph at lines 913--913
[]\OT1/cmtt/m/n/10 ## Error in eval(expr, envir, enclos): object 'shap[]cashew[
]small' not
 []


Overfull \hbox (59.24648pt too wide) in paragraph at lines 921--921
[]\OT1/cmtt/m/n/10 ## Number of Orbits for Except removeVar is  0.2777777777777
78 % greater than[] 
 []

Package color Info: Redefining color shadecolor on input line 930.
[57 <./figure/RH6_small-1.pdf>]
<figure/RH6_cashew_big-1.pdf, id=623, 505.89pt x 505.89pt>
File: figure/RH6_cashew_big-1.pdf Graphic file (type pdf)

<use figure/RH6_cashew_big-1.pdf>
Package pdftex.def Info: figure/RH6_cashew_big-1.pdf used on input line 939.
(pdftex.def)             Requested size: 345.0pt x 345.00414pt.

Overfull \hbox (15.0pt too wide) in paragraph at lines 939--940
[][] 
 []

Package color Info: Redefining color shadecolor on input line 944.

Overfull \hbox (52.52652pt too wide) in paragraph at lines 952--952
[]\OT1/cmtt/m/n/10 ## Error in shapiro.test(subset(json[]data, treatment == "ca
shewExceptReduce"
 []

<figure/RH6_cashewExceptReduce_big-1.pdf, id=624, 505.89pt x 505.89pt>
File: figure/RH6_cashewExceptReduce_big-1.pdf Graphic file (type pdf)

<use figure/RH6_cashewExceptReduce_big-1.pdf>
Package pdftex.def Info: figure/RH6_cashewExceptReduce_big-1.pdf used on input 
line 953.
(pdftex.def)             Requested size: 345.0pt x 345.00414pt.

Overfull \hbox (15.0pt too wide) in paragraph at lines 953--954
[][] 
 []

[58 <./figure/RH6_cashew_big-1.pdf>]
Package color Info: Redefining color shadecolor on input line 960.

<figure/RH6_big-1.pdf, id=636, 505.89pt x 505.89pt>
File: figure/RH6_big-1.pdf Graphic file (type pdf)
 <use figure/RH6_big-1.pdf>
Package pdftex.def Info: figure/RH6_big-1.pdf used on input line 961.
(pdftex.def)             Requested size: 345.0pt x 345.00414pt.

Overfull \hbox (15.0pt too wide) in paragraph at lines 961--962
[][] 
 []

[59 <./figure/RH6_cashewExceptReduce_big-1.pdf>]
Overfull \hbox (9.05688pt too wide) in paragraph at lines 964--964
[]\OT1/cmtt/m/n/10 ## Error in eval(expr, envir, enclos): object 'shap[]cashew[
]big' not
 []

[60 <./figure/RH6_big-1.pdf>]
Package color Info: Redefining color shadecolor on input line 1017.

<figure/overview_RH7-1.pdf, id=659, 505.89pt x 505.89pt>
File: figure/overview_RH7-1.pdf Graphic file (type pdf)

<use figure/overview_RH7-1.pdf>
Package pdftex.def Info: figure/overview_RH7-1.pdf used on input line 1018.
(pdftex.def)             Requested size: 345.0pt x 345.00414pt.
 [61]
Package color Info: Redefining color shadecolor on input line 1027.

<figure/RH7_cashew_small-1.pdf, id=664, 505.89pt x 505.89pt>
File: figure/RH7_cashew_small-1.pdf Graphic file (type pdf)

<use figure/RH7_cashew_small-1.pdf>
Package pdftex.def Info: figure/RH7_cashew_small-1.pdf used on input line 1036.

(pdftex.def)             Requested size: 345.0pt x 345.00414pt.

Overfull \hbox (15.0pt too wide) in paragraph at lines 1036--1037
[][] 
 []

[62 <./figure/overview_RH7-1.pdf>]
Package color Info: Redefining color shadecolor on input line 1041.

Overfull \hbox (52.52652pt too wide) in paragraph at lines 1049--1049
[]\OT1/cmtt/m/n/10 ## Error in shapiro.test(subset(json[]data, treatment == "ca
shewExceptRemove"
 []

<figure/RH7_cashewExceptRemove_small-1.pdf, id=673, 505.89pt x 505.89pt>
File: figure/RH7_cashewExceptRemove_small-1.pdf Graphic file (type pdf)

<use figure/RH7_cashewExceptRemove_small-1.pdf>
Package pdftex.def Info: figure/RH7_cashewExceptRemove_small-1.pdf used on inpu
t line 1050.
(pdftex.def)             Requested size: 345.0pt x 345.00414pt.

Overfull \hbox (15.0pt too wide) in paragraph at lines 1050--1051
[][] 
 []

[63 <./figure/RH7_cashew_small-1.pdf>]
Package color Info: Redefining color shadecolor on input line 1057.

<figure/RH7_small-1.pdf, id=685, 505.89pt x 505.89pt>
File: figure/RH7_small-1.pdf Graphic file (type pdf)

<use figure/RH7_small-1.pdf>
Package pdftex.def Info: figure/RH7_small-1.pdf used on input line 1058.
(pdftex.def)             Requested size: 345.0pt x 345.00414pt.

Overfull \hbox (15.0pt too wide) in paragraph at lines 1058--1059
[][] 
 []

[64 <./figure/RH7_cashewExceptRemove_small-1.pdf>]
Overfull \hbox (19.5568pt too wide) in paragraph at lines 1061--1061
[]\OT1/cmtt/m/n/10 ## Error in eval(expr, envir, enclos): object 'shap[]cashew[
]small' not
 []


Overfull \hbox (59.24648pt too wide) in paragraph at lines 1069--1069
[]\OT1/cmtt/m/n/10 ## Number of Orbits for Except removeConj is  7.222222222222
22 % greater than[] 
 []

Package color Info: Redefining color shadecolor on input line 1078.
[65 <./figure/RH7_small-1.pdf>]
<figure/RH7_cashew_big-1.pdf, id=709, 505.89pt x 505.89pt>
File: figure/RH7_cashew_big-1.pdf Graphic file (type pdf)

<use figure/RH7_cashew_big-1.pdf>
Package pdftex.def Info: figure/RH7_cashew_big-1.pdf used on input line 1087.
(pdftex.def)             Requested size: 345.0pt x 345.00414pt.

Overfull \hbox (15.0pt too wide) in paragraph at lines 1087--1088
[][] 
 []

Package color Info: Redefining color shadecolor on input line 1092.

Overfull \hbox (52.52652pt too wide) in paragraph at lines 1100--1100
[]\OT1/cmtt/m/n/10 ## Error in shapiro.test(subset(json[]data, treatment == "ca
shewExceptRemove"
 []

<figure/RH7_cashewExceptRemove_big-1.pdf, id=710, 505.89pt x 505.89pt>
File: figure/RH7_cashewExceptRemove_big-1.pdf Graphic file (type pdf)

<use figure/RH7_cashewExceptRemove_big-1.pdf>
Package pdftex.def Info: figure/RH7_cashewExceptRemove_big-1.pdf used on input 
line 1101.
(pdftex.def)             Requested size: 345.0pt x 345.00414pt.

Overfull \hbox (15.0pt too wide) in paragraph at lines 1101--1102
[][] 
 []

[66 <./figure/RH7_cashew_big-1.pdf>]
Package color Info: Redefining color shadecolor on input line 1108.

<figure/RH7_big-1.pdf, id=722, 505.89pt x 505.89pt>
File: figure/RH7_big-1.pdf Graphic file (type pdf)
 <use figure/RH7_big-1.pdf>
Package pdftex.def Info: figure/RH7_big-1.pdf used on input line 1109.
(pdftex.def)             Requested size: 345.0pt x 345.00414pt.

Overfull \hbox (15.0pt too wide) in paragraph at lines 1109--1110
[][] 
 []

[67 <./figure/RH7_cashewExceptRemove_big-1.pdf>]
Overfull \hbox (9.05688pt too wide) in paragraph at lines 1112--1112
[]\OT1/cmtt/m/n/10 ## Error in eval(expr, envir, enclos): object 'shap[]cashew[
]big' not
 []


Overfull \hbox (59.24648pt too wide) in paragraph at lines 1120--1120
[]\OT1/cmtt/m/n/10 ## Number of Orbits for Except removeConj is  17.64705882352
94 % greater than[] 
 []

[68 <./figure/RH7_big-1.pdf>]
Package color Info: Redefining color shadecolor on input line 1165.

<figure/overview_RH8-1.pdf, id=746, 505.89pt x 505.89pt>
File: figure/overview_RH8-1.pdf Graphic file (type pdf)

<use figure/overview_RH8-1.pdf>
Package pdftex.def Info: figure/overview_RH8-1.pdf used on input line 1166.
(pdftex.def)             Requested size: 345.0pt x 345.00414pt.
 [69]
Package color Info: Redefining color shadecolor on input line 1175.

<figure/RH8_cashew_small-1.pdf, id=750, 505.89pt x 505.89pt>
File: figure/RH8_cashew_small-1.pdf Graphic file (type pdf)

<use figure/RH8_cashew_small-1.pdf>
Package pdftex.def Info: figure/RH8_cashew_small-1.pdf used on input line 1184.

(pdftex.def)             Requested size: 345.0pt x 345.00414pt.

Overfull \hbox (15.0pt too wide) in paragraph at lines 1184--1185
[][] 
 []

[70 <./figure/overview_RH8-1.pdf>]
Package color Info: Redefining color shadecolor on input line 1189.

Overfull \hbox (73.52634pt too wide) in paragraph at lines 1197--1197
[]\OT1/cmtt/m/n/10 ## Error in shapiro.test(subset(json[]data, treatment == "ca
shewExceptRenameAlph"
 []

<figure/RH8_cashewExceptRenameAlph_small-1.pdf, id=759, 505.89pt x 505.89pt>
File: figure/RH8_cashewExceptRenameAlph_small-1.pdf Graphic file (type pdf)

<use figure/RH8_cashewExceptRenameAlph_small-1.pdf>
Package pdftex.def Info: figure/RH8_cashewExceptRenameAlph_small-1.pdf used on 
input line 1198.
(pdftex.def)             Requested size: 345.0pt x 345.00414pt.

Overfull \hbox (15.0pt too wide) in paragraph at lines 1198--1199
[][] 
 []

[71 <./figure/RH8_cashew_small-1.pdf>]
Package color Info: Redefining color shadecolor on input line 1205.

<figure/RH8_small-1.pdf, id=771, 505.89pt x 505.89pt>
File: figure/RH8_small-1.pdf Graphic file (type pdf)

<use figure/RH8_small-1.pdf>
Package pdftex.def Info: figure/RH8_small-1.pdf used on input line 1206.
(pdftex.def)             Requested size: 345.0pt x 345.00414pt.

Overfull \hbox (15.0pt too wide) in paragraph at lines 1206--1207
[][] 
 []

[72 <./figure/RH8_cashewExceptRenameAlph_small-1.pdf>]
Overfull \hbox (19.5568pt too wide) in paragraph at lines 1209--1209
[]\OT1/cmtt/m/n/10 ## Error in eval(expr, envir, enclos): object 'shap[]cashew[
]small' not
 []


Overfull \hbox (64.49643pt too wide) in paragraph at lines 1217--1217
[]\OT1/cmtt/m/n/10 ## Number of Orbits for Except rename alph is  133.611111111
111 % greater than[] 
 []

Package color Info: Redefining color shadecolor on input line 1226.
[73 <./figure/RH8_small-1.pdf>]
<figure/RH8_cashew_big-1.pdf, id=795, 505.89pt x 505.89pt>
File: figure/RH8_cashew_big-1.pdf Graphic file (type pdf)

<use figure/RH8_cashew_big-1.pdf>
Package pdftex.def Info: figure/RH8_cashew_big-1.pdf used on input line 1235.
(pdftex.def)             Requested size: 345.0pt x 345.00414pt.

Overfull \hbox (15.0pt too wide) in paragraph at lines 1235--1236
[][] 
 []

Package color Info: Redefining color shadecolor on input line 1240.

Overfull \hbox (73.52634pt too wide) in paragraph at lines 1248--1248
[]\OT1/cmtt/m/n/10 ## Error in shapiro.test(subset(json[]data, treatment == "ca
shewExceptRenameAlph"
 []

<figure/RH8_cashewExceptRenameAlph_big-1.pdf, id=796, 505.89pt x 505.89pt>
File: figure/RH8_cashewExceptRenameAlph_big-1.pdf Graphic file (type pdf)

<use figure/RH8_cashewExceptRenameAlph_big-1.pdf>
Package pdftex.def Info: figure/RH8_cashewExceptRenameAlph_big-1.pdf used on in
put line 1249.
(pdftex.def)             Requested size: 345.0pt x 345.00414pt.

Overfull \hbox (15.0pt too wide) in paragraph at lines 1249--1250
[][] 
 []

[74 <./figure/RH8_cashew_big-1.pdf>]
Package color Info: Redefining color shadecolor on input line 1256.

<figure/RH8_big-1.pdf, id=808, 505.89pt x 505.89pt>
File: figure/RH8_big-1.pdf Graphic file (type pdf)
 <use figure/RH8_big-1.pdf>
Package pdftex.def Info: figure/RH8_big-1.pdf used on input line 1257.
(pdftex.def)             Requested size: 345.0pt x 345.00414pt.

Overfull \hbox (15.0pt too wide) in paragraph at lines 1257--1258
[][] 
 []

[75 <./figure/RH8_cashewExceptRenameAlph_big-1.pdf>]
Overfull \hbox (9.05688pt too wide) in paragraph at lines 1260--1260
[]\OT1/cmtt/m/n/10 ## Error in eval(expr, envir, enclos): object 'shap[]cashew[
]big' not
 []


Overfull \hbox (64.49643pt too wide) in paragraph at lines 1268--1268
[]\OT1/cmtt/m/n/10 ## Number of Orbits for Except rename alph is  2.94117647058
824 % greater than[] 
 []

[76 <./figure/RH8_big-1.pdf>]
Package color Info: Redefining color shadecolor on input line 1313.

<figure/overview_RH9-1.pdf, id=831, 505.89pt x 505.89pt>
File: figure/overview_RH9-1.pdf Graphic file (type pdf)

<use figure/overview_RH9-1.pdf>
Package pdftex.def Info: figure/overview_RH9-1.pdf used on input line 1314.
(pdftex.def)             Requested size: 345.0pt x 345.00414pt.
 [77]
Package color Info: Redefining color shadecolor on input line 1323.

<figure/RH9_cashew_small-1.pdf, id=835, 505.89pt x 505.89pt>
File: figure/RH9_cashew_small-1.pdf Graphic file (type pdf)

<use figure/RH9_cashew_small-1.pdf>
Package pdftex.def Info: figure/RH9_cashew_small-1.pdf used on input line 1332.

(pdftex.def)             Requested size: 345.0pt x 345.00414pt.

Overfull \hbox (15.0pt too wide) in paragraph at lines 1332--1333
[][] 
 []

[78 <./figure/overview_RH9-1.pdf>]
Package color Info: Redefining color shadecolor on input line 1337.

Overfull \hbox (68.27638pt too wide) in paragraph at lines 1345--1345
[]\OT1/cmtt/m/n/10 ## Error in shapiro.test(subset(json[]data, treatment == "ca
shewExceptRenameVar"
 []

<figure/RH9_cashewExceptRenameVar_small-1.pdf, id=844, 505.89pt x 505.89pt>
File: figure/RH9_cashewExceptRenameVar_small-1.pdf Graphic file (type pdf)

<use figure/RH9_cashewExceptRenameVar_small-1.pdf>
Package pdftex.def Info: figure/RH9_cashewExceptRenameVar_small-1.pdf used on i
nput line 1346.
(pdftex.def)             Requested size: 345.0pt x 345.00414pt.

Overfull \hbox (15.0pt too wide) in paragraph at lines 1346--1347
[][] 
 []

[79 <./figure/RH9_cashew_small-1.pdf>]
Package color Info: Redefining color shadecolor on input line 1353.

<figure/RH9_small-1.pdf, id=858, 505.89pt x 505.89pt>
File: figure/RH9_small-1.pdf Graphic file (type pdf)

<use figure/RH9_small-1.pdf>
Package pdftex.def Info: figure/RH9_small-1.pdf used on input line 1354.
(pdftex.def)             Requested size: 345.0pt x 345.00414pt.

Overfull \hbox (15.0pt too wide) in paragraph at lines 1354--1355
[][] 
 []

[80 <./figure/RH9_cashewExceptRenameVar_small-1.pdf>]
Overfull \hbox (19.5568pt too wide) in paragraph at lines 1357--1357
[]\OT1/cmtt/m/n/10 ## Error in eval(expr, envir, enclos): object 'shap[]cashew[
]small' not
 []


Overfull \hbox (59.24648pt too wide) in paragraph at lines 1365--1365
[]\OT1/cmtt/m/n/10 ## Number of Orbits for Except rename var is  2579.166666666
67 % greater than[] 
 []

Package color Info: Redefining color shadecolor on input line 1374.
[81 <./figure/RH9_small-1.pdf>]
<figure/RH9_cashew_big-1.pdf, id=881, 505.89pt x 505.89pt>
File: figure/RH9_cashew_big-1.pdf Graphic file (type pdf)

<use figure/RH9_cashew_big-1.pdf>
Package pdftex.def Info: figure/RH9_cashew_big-1.pdf used on input line 1383.
(pdftex.def)             Requested size: 345.0pt x 345.00414pt.

Overfull \hbox (15.0pt too wide) in paragraph at lines 1383--1384
[][] 
 []

Package color Info: Redefining color shadecolor on input line 1388.

Overfull \hbox (68.27638pt too wide) in paragraph at lines 1396--1396
[]\OT1/cmtt/m/n/10 ## Error in shapiro.test(subset(json[]data, treatment == "ca
shewExceptRenameVar"
 []

<figure/RH9_cashewExceptRenameVar_big-1.pdf, id=882, 505.89pt x 505.89pt>
File: figure/RH9_cashewExceptRenameVar_big-1.pdf Graphic file (type pdf)

<use figure/RH9_cashewExceptRenameVar_big-1.pdf>
Package pdftex.def Info: figure/RH9_cashewExceptRenameVar_big-1.pdf used on inp
ut line 1397.
(pdftex.def)             Requested size: 345.0pt x 345.00414pt.

Overfull \hbox (15.0pt too wide) in paragraph at lines 1397--1398
[][] 
 []

[82 <./figure/RH9_cashew_big-1.pdf>]
Package color Info: Redefining color shadecolor on input line 1404.

<figure/RH9_big-1.pdf, id=894, 505.89pt x 505.89pt>
File: figure/RH9_big-1.pdf Graphic file (type pdf)
 <use figure/RH9_big-1.pdf>
Package pdftex.def Info: figure/RH9_big-1.pdf used on input line 1405.
(pdftex.def)             Requested size: 345.0pt x 345.00414pt.

Overfull \hbox (15.0pt too wide) in paragraph at lines 1405--1406
[][] 
 []

[83 <./figure/RH9_cashewExceptRenameVar_big-1.pdf>]
Overfull \hbox (9.05688pt too wide) in paragraph at lines 1408--1408
[]\OT1/cmtt/m/n/10 ## Error in eval(expr, envir, enclos): object 'shap[]cashew[
]big' not
 []


Overfull \hbox (59.24648pt too wide) in paragraph at lines 1416--1416
[]\OT1/cmtt/m/n/10 ## Number of Orbits for Except rename var is  911.7647058823
53 % greater than[] 
 []

[84 <./figure/RH9_big-1.pdf>] [85] [86] [87] [88]
Package color Info: Redefining color shadecolor on input line 1746.

Overfull \hbox (27.74675pt too wide) in paragraph at lines 1774--1774
[]\OT1/cmtt/m/n/10 ## [1] stats     graphics  grDevices utils     datasets  met
hods   base[] 
 []


Overfull \hbox (43.49661pt too wide) in paragraph at lines 1774--1774
[]\OT1/cmtt/m/n/10 ## [1] plyr_1.8.4       jsonlite_1.5     ggplot2_2.2.1    re
producer_0.1.8[] 
 []

[89

] (./cashew-orbits.aux) ) 
Here is how much of TeX's memory you used:
 2457 strings out of 494884
 38835 string characters out of 6179236
 86952 words of memory out of 5000000
 5657 multiletter control sequences out of 15000+600000
 5983 words of font info for 22 fonts, out of 8000000 for 9000
 38 hyphenation exceptions out of 8191
 40i,8n,25p,291b,290s stack positions out of 5000i,500n,10000p,200000b,80000s
</usr/share/texlive/texmf-dist/fonts/type1/public/amsf
onts/cm/cmbx10.pfb></usr/share/texlive/texmf-dist/fonts/type1/public/amsfonts/c
m/cmbx12.pfb></usr/share/texlive/texmf-dist/fonts/type1/public/amsfonts/cm/cmmi
b10.pfb></usr/share/texlive/texmf-dist/fonts/type1/public/amsfonts/cm/cmr10.pfb
></usr/share/texlive/texmf-dist/fonts/type1/public/amsfonts/cm/cmr12.pfb></usr/
share/texlive/texmf-dist/fonts/type1/public/amsfonts/cm/cmr17.pfb></usr/share/t
exlive/texmf-dist/fonts/type1/public/amsfonts/cm/cmtt10.pfb>
Output written on cashew-orbits.pdf (89 pages, 462193 bytes).
PDF statistics:
 961 PDF objects out of 1000 (max. 8388607)
 705 compressed objects within 8 object streams
 0 named destinations out of 1000 (max. 500000)
 376 words of extra memory for PDF output out of 10000 (max. 10000000)

