This is pdfTeX, Version 3.14159265-2.6-1.40.18 (TeX Live 2017/Debian) (preloaded format=pdflatex)
 restricted \write18 enabled.
entering extended mode
(/home/docker/Cashew/executions/2018-05-27-19-34-43/cashew-orbits.tex
LaTeX2e <2017-04-15>
Babel <3.13> and hyphenation patterns for 3 language(s) loaded.
(/usr/share/texlive/texmf-dist/tex/latex/base/article.cls
Document Class: article 2014/09/29 v1.4h Standard LaTeX document class
(/usr/share/texlive/texmf-dist/tex/latex/base/size10.clo))
(/usr/share/texlive/texmf-dist/tex/latex/graphics/graphicx.sty
(/usr/share/texlive/texmf-dist/tex/latex/graphics/keyval.sty)
(/usr/share/texlive/texmf-dist/tex/latex/graphics/graphics.sty
(/usr/share/texlive/texmf-dist/tex/latex/graphics/trig.sty)
(/usr/share/texlive/texmf-dist/tex/latex/graphics-cfg/graphics.cfg)
(/usr/share/texlive/texmf-dist/tex/latex/graphics-def/pdftex.def)))
(/usr/share/texlive/texmf-dist/tex/latex/graphics/color.sty
(/usr/share/texlive/texmf-dist/tex/latex/graphics-cfg/color.cfg))
(/usr/share/texlive/texmf-dist/tex/latex/framed/framed.sty)
(/usr/share/texlive/texmf-dist/tex/latex/base/alltt.sty)
(/usr/share/texlive/texmf-dist/tex/latex/preprint/authblk.sty)
(/usr/share/texlive/texmf-dist/tex/latex/float/float.sty)
(/usr/share/texlive/texmf-dist/tex/latex/multirow/multirow.sty)
(/usr/share/texlive/texmf-dist/tex/latex/base/inputenc.sty
(/usr/share/texlive/texmf-dist/tex/latex/base/utf8.def
(/usr/share/texlive/texmf-dist/tex/latex/base/t1enc.dfu)
(/usr/share/texlive/texmf-dist/tex/latex/base/ot1enc.dfu)
(/usr/share/texlive/texmf-dist/tex/latex/base/omsenc.dfu)))
(/usr/share/texlive/texmf-dist/tex/latex/upquote/upquote.sty)
No file cashew-orbits.aux.
(/usr/share/texlive/texmf-dist/tex/context/base/mkii/supp-pdf.mkii
[Loading MPS to PDF converter (version 2006.09.02).]
) (/usr/share/texlive/texmf-dist/tex/latex/oberdiek/epstopdf-base.sty
(/usr/share/texlive/texmf-dist/tex/generic/oberdiek/infwarerr.sty)
(/usr/share/texlive/texmf-dist/tex/latex/oberdiek/grfext.sty
(/usr/share/texlive/texmf-dist/tex/generic/oberdiek/kvdefinekeys.sty
(/usr/share/texlive/texmf-dist/tex/generic/oberdiek/ltxcmds.sty)))
(/usr/share/texlive/texmf-dist/tex/latex/oberdiek/kvoptions.sty
(/usr/share/texlive/texmf-dist/tex/generic/oberdiek/kvsetkeys.sty
(/usr/share/texlive/texmf-dist/tex/generic/oberdiek/etexcmds.sty
(/usr/share/texlive/texmf-dist/tex/generic/oberdiek/ifluatex.sty))))
(/usr/share/texlive/texmf-dist/tex/generic/oberdiek/pdftexcmds.sty
(/usr/share/texlive/texmf-dist/tex/generic/oberdiek/ifpdf.sty))
(/usr/share/texlive/texmf-dist/tex/latex/latexconfig/epstopdf-sys.cfg))
[1{/var/lib/texmf/fonts/map/pdftex/updmap/pdftex.map}]
Overfull \hbox (15.0pt too wide) in paragraph at lines 80--81
[][] 
[2 <./figure/overview_averageTime-1.pdf>]
Overfull \hbox (15.0pt too wide) in paragraph at lines 85--86
[][] 
[3 <./figure/overview_maxTime-1.pdf>]
Overfull \hbox (15.0pt too wide) in paragraph at lines 90--91
[][] 
[4 <./figure/overview_sumTime-1.pdf>] [5 <./figure/overview_orbits-1.pdf>]
Overfull \hbox (15.0pt too wide) in paragraph at lines 102--103
[][] 
[6 <./figure/small-1.pdf>]
Overfull \hbox (15.0pt too wide) in paragraph at lines 104--105
[][] 
[7 <./figure/small-2.pdf>]
Overfull \hbox (15.0pt too wide) in paragraph at lines 106--107
[][] 
[8 <./figure/small-3.pdf>] [9 <./figure/small-4.pdf>]
Overfull \hbox (15.0pt too wide) in paragraph at lines 114--115
[][] 
[10 <./figure/big-1.pdf>]
Overfull \hbox (15.0pt too wide) in paragraph at lines 116--117
[][] 
[11 <./figure/big-2.pdf>]
Overfull \hbox (15.0pt too wide) in paragraph at lines 118--119
[][] 
[12 <./figure/big-3.pdf>] [13 <./figure/big-4.pdf>]
Overfull \hbox (15.0pt too wide) in paragraph at lines 148--149
[][] 
[14 <./figure/overview_RH1-1.pdf>]
Overfull \hbox (5.27693pt too wide) in paragraph at lines 161--161
[]\OT1/cmtt/m/n/10 ## Error in shapiro.test(subset(json[]data, treatment == "no
Cache" &

Overfull \hbox (15.0pt too wide) in paragraph at lines 162--163
[][] 
[15 <./figure/RH1_cashew_small-1.pdf>]
Overfull \hbox (15.0pt too wide) in paragraph at lines 170--171
[][] 
[16 <./figure/RH1_noCache_small-1.pdf>]
Overfull \hbox (19.5568pt too wide) in paragraph at lines 173--173
[]\OT1/cmtt/m/n/10 ## Error in eval(expr, envir, enclos): object 'shap[]cashew[
]small' not

Overfull \hbox (59.24648pt too wide) in paragraph at lines 189--189
[]\OT1/cmtt/m/n/10 ## [1] "Wilcoxon-Mann-Whitney test: Null Hypothesis not reje
cted. P-value: 1"[] 
[17 <./figure/RH1_small-1.pdf>]
Overfull \hbox (15.0pt too wide) in paragraph at lines 207--208
[][] 
[18 <./figure/RH1_cashew_big-1.pdf>]
Overfull \hbox (5.27693pt too wide) in paragraph at lines 220--220
[]\OT1/cmtt/m/n/10 ## Error in shapiro.test(subset(json[]data, treatment == "no
Cache" &

Overfull \hbox (15.0pt too wide) in paragraph at lines 221--222
[][] 

Overfull \hbox (15.0pt too wide) in paragraph at lines 229--230
[][] 
[19 <./figure/RH1_noCache_big-1.pdf>]
Overfull \hbox (9.05688pt too wide) in paragraph at lines 232--232
[]\OT1/cmtt/m/n/10 ## Error in eval(expr, envir, enclos): object 'shap[]cashew[
]big' not

Overfull \hbox (59.24648pt too wide) in paragraph at lines 248--248
[]\OT1/cmtt/m/n/10 ## [1] "Wilcoxon-Mann-Whitney test: Null Hypothesis not reje
cted. P-value: 1"[] 
[20 <./figure/RH1_big-1.pdf>]
(/usr/share/texlive/texmf-dist/tex/latex/base/omlcmr.fd) [21]
Overfull \hbox (15.0pt too wide) in paragraph at lines 315--316
[][] 
[22 <./figure/overview_RH2-1.pdf>]
Overfull \hbox (5.27693pt too wide) in paragraph at lines 328--328
[]\OT1/cmtt/m/n/10 ## Error in shapiro.test(subset(json[]data, treatment == "no
Cache" &

Overfull \hbox (15.0pt too wide) in paragraph at lines 329--330
[][] 
[23 <./figure/RH2_cashew_small-1.pdf>]
Overfull \hbox (15.0pt too wide) in paragraph at lines 337--338
[][] 
[24 <./figure/RH2_noCache_small-1.pdf>]
Overfull \hbox (19.5568pt too wide) in paragraph at lines 340--340
[]\OT1/cmtt/m/n/10 ## Error in eval(expr, envir, enclos): object 'shap[]cashew[
]small' not

Overfull \hbox (59.24648pt too wide) in paragraph at lines 356--356
[]\OT1/cmtt/m/n/10 ## [1] "Wilcoxon-Mann-Whitney test: Null Hypothesis not reje
cted. P-value: 1"[] 

Overfull \hbox (48.74657pt too wide) in paragraph at lines 356--356
[]\OT1/cmtt/m/n/10 ## Maximum time for All transformations is  8.25271980939805
 % greater than[] 
[25 <./figure/RH2_small-1.pdf>]
Overfull \hbox (15.0pt too wide) in paragraph at lines 374--375
[][] 
[26 <./figure/RH2_cashew_big-1.pdf>]
Overfull \hbox (5.27693pt too wide) in paragraph at lines 387--387
[]\OT1/cmtt/m/n/10 ## Error in shapiro.test(subset(json[]data, treatment == "no
Cache" &

Overfull \hbox (15.0pt too wide) in paragraph at lines 388--389
[][] 

Overfull \hbox (15.0pt too wide) in paragraph at lines 396--397
[][] 
[27 <./figure/RH2_noCache_big-1.pdf>]
Overfull \hbox (9.05688pt too wide) in paragraph at lines 399--399
[]\OT1/cmtt/m/n/10 ## Error in eval(expr, envir, enclos): object 'shap[]cashew[
]big' not

Overfull \hbox (59.24648pt too wide) in paragraph at lines 415--415
[]\OT1/cmtt/m/n/10 ## [1] "Wilcoxon-Mann-Whitney test: Null Hypothesis not reje
cted. P-value: 1"[] 
[28 <./figure/RH2_big-1.pdf>] [29]
Overfull \hbox (15.0pt too wide) in paragraph at lines 482--483
[][] 
[30 <./figure/overview_RH3-1.pdf>]
Overfull \hbox (5.27693pt too wide) in paragraph at lines 495--495
[]\OT1/cmtt/m/n/10 ## Error in shapiro.test(subset(json[]data, treatment == "no
Cache" &

Overfull \hbox (15.0pt too wide) in paragraph at lines 496--497
[][] 
[31 <./figure/RH3_cashew_small-1.pdf>]
Overfull \hbox (15.0pt too wide) in paragraph at lines 504--505
[][] 
[32 <./figure/RH3_noCache_small-1.pdf>]
Overfull \hbox (19.5568pt too wide) in paragraph at lines 507--507
[]\OT1/cmtt/m/n/10 ## Error in eval(expr, envir, enclos): object 'shap[]cashew[
]small' not

Overfull \hbox (59.24648pt too wide) in paragraph at lines 523--523
[]\OT1/cmtt/m/n/10 ## [1] "Wilcoxon-Mann-Whitney test: Null Hypothesis not reje
cted. P-value: 1"[] 
[33 <./figure/RH3_small-1.pdf>]
Overfull \hbox (15.0pt too wide) in paragraph at lines 541--542
[][] 
[34 <./figure/RH3_cashew_big-1.pdf>]
Overfull \hbox (5.27693pt too wide) in paragraph at lines 554--554
[]\OT1/cmtt/m/n/10 ## Error in shapiro.test(subset(json[]data, treatment == "no
Cache" &

Overfull \hbox (15.0pt too wide) in paragraph at lines 555--556
[][] 

Overfull \hbox (15.0pt too wide) in paragraph at lines 563--564
[][] 
[35 <./figure/RH3_noCache_big-1.pdf>]
Overfull \hbox (9.05688pt too wide) in paragraph at lines 566--566
[]\OT1/cmtt/m/n/10 ## Error in eval(expr, envir, enclos): object 'shap[]cashew[
]big' not

Overfull \hbox (59.24648pt too wide) in paragraph at lines 582--582
[]\OT1/cmtt/m/n/10 ## [1] "Wilcoxon-Mann-Whitney test: Null Hypothesis not reje
cted. P-value: 1"[] 
[36 <./figure/RH3_big-1.pdf>] [37]
Overfull \hbox (15.0pt too wide) in paragraph at lines 649--650
[][] 
[38 <./figure/overview_RH4-1.pdf>]
Overfull \hbox (5.27693pt too wide) in paragraph at lines 662--662
[]\OT1/cmtt/m/n/10 ## Error in shapiro.test(subset(json[]data, treatment == "no
Cache" &

Overfull \hbox (15.0pt too wide) in paragraph at lines 663--664
[][] 
[39 <./figure/RH4_cashew_small-1.pdf>]
Overfull \hbox (15.0pt too wide) in paragraph at lines 671--672
[][] 
[40 <./figure/RH4_noCache_small-1.pdf>]
Overfull \hbox (19.5568pt too wide) in paragraph at lines 674--674
[]\OT1/cmtt/m/n/10 ## Error in eval(expr, envir, enclos): object 'shap[]cashew[
]small' not

Overfull \hbox (59.24648pt too wide) in paragraph at lines 690--690
[]\OT1/cmtt/m/n/10 ## [1] "Wilcoxon-Mann-Whitney test: Null Hypothesis not reje
cted. P-value: 1"[] 

Overfull \hbox (11.99689pt too wide) in paragraph at lines 690--690
[]\OT1/cmtt/m/n/10 ## Number of Orbits for No cache is  2597.22222222222 % grea
ter than[] 
[41 <./figure/RH4_small-1.pdf>]
Overfull \hbox (15.0pt too wide) in paragraph at lines 708--709
[][] 
[42 <./figure/RH4_cashew_big-1.pdf>]
Overfull \hbox (5.27693pt too wide) in paragraph at lines 721--721
[]\OT1/cmtt/m/n/10 ## Error in shapiro.test(subset(json[]data, treatment == "no
Cache" &

Overfull \hbox (15.0pt too wide) in paragraph at lines 722--723
[][] 

Overfull \hbox (15.0pt too wide) in paragraph at lines 730--731
[][] 
[43 <./figure/RH4_noCache_big-1.pdf>]
Overfull \hbox (9.05688pt too wide) in paragraph at lines 733--733
[]\OT1/cmtt/m/n/10 ## Error in eval(expr, envir, enclos): object 'shap[]cashew[
]big' not

Overfull \hbox (59.24648pt too wide) in paragraph at lines 749--749
[]\OT1/cmtt/m/n/10 ## [1] "Wilcoxon-Mann-Whitney test: Null Hypothesis not reje
cted. P-value: 1"[] 

Overfull \hbox (11.99689pt too wide) in paragraph at lines 749--749
[]\OT1/cmtt/m/n/10 ## Number of Orbits for No cache is  955.882352941176 % grea
ter than[] 
[44 <./figure/RH4_big-1.pdf>] [45]
Overfull \hbox (15.0pt too wide) in paragraph at lines 816--817
[][] 
[46 <./figure/overview_RH5-1.pdf>]
Overfull \hbox (47.27657pt too wide) in paragraph at lines 829--829
[]\OT1/cmtt/m/n/10 ## Error in shapiro.test(subset(json[]data, treatment == "ca
shewExceptOrder"

Overfull \hbox (15.0pt too wide) in paragraph at lines 830--831
[][] 
[47 <./figure/RH5_cashew_small-1.pdf>]
Overfull \hbox (15.0pt too wide) in paragraph at lines 838--839
[][] 
[48 <./figure/RH5_cashewExceptOrder_small-1.pdf>]
Overfull \hbox (19.5568pt too wide) in paragraph at lines 841--841
[]\OT1/cmtt/m/n/10 ## Error in eval(expr, envir, enclos): object 'shap[]cashew[
]small' not

Overfull \hbox (59.24648pt too wide) in paragraph at lines 857--857
[]\OT1/cmtt/m/n/10 ## [1] "Wilcoxon-Mann-Whitney test: Null Hypothesis not reje
cted. P-value: 1"[] 

Overfull \hbox (32.9967pt too wide) in paragraph at lines 857--857
[]\OT1/cmtt/m/n/10 ## Number of Orbits for Except order is  4.44444444444444 % 
greater than[] 
[49 <./figure/RH5_small-1.pdf>]
Overfull \hbox (15.0pt too wide) in paragraph at lines 875--876
[][] 
[50 <./figure/RH5_cashew_big-1.pdf>]
Overfull \hbox (47.27657pt too wide) in paragraph at lines 888--888
[]\OT1/cmtt/m/n/10 ## Error in shapiro.test(subset(json[]data, treatment == "ca
shewExceptOrder"

Overfull \hbox (15.0pt too wide) in paragraph at lines 889--890
[][] 

Overfull \hbox (15.0pt too wide) in paragraph at lines 897--898
[][] 
[51 <./figure/RH5_cashewExceptOrder_big-1.pdf>]
Overfull \hbox (9.05688pt too wide) in paragraph at lines 900--900
[]\OT1/cmtt/m/n/10 ## Error in eval(expr, envir, enclos): object 'shap[]cashew[
]big' not

Overfull \hbox (59.24648pt too wide) in paragraph at lines 916--916
[]\OT1/cmtt/m/n/10 ## [1] "Wilcoxon-Mann-Whitney test: Null Hypothesis not reje
cted. P-value: 1"[] 

Overfull \hbox (32.9967pt too wide) in paragraph at lines 916--916
[]\OT1/cmtt/m/n/10 ## Number of Orbits for Except order is  111.764705882353 % 
greater than[] 
[52 <./figure/RH5_big-1.pdf>] [53]
Overfull \hbox (15.0pt too wide) in paragraph at lines 983--984
[][] 
[54 <./figure/overview_RH6-1.pdf>]
Overfull \hbox (52.52652pt too wide) in paragraph at lines 996--996
[]\OT1/cmtt/m/n/10 ## Error in shapiro.test(subset(json[]data, treatment == "ca
shewExceptReduce"

Overfull \hbox (15.0pt too wide) in paragraph at lines 997--998
[][] 
[55 <./figure/RH6_cashew_small-1.pdf>]
Overfull \hbox (15.0pt too wide) in paragraph at lines 1005--1006
[][] 
[56 <./figure/RH6_cashewExceptReduce_small-1.pdf>]
Overfull \hbox (19.5568pt too wide) in paragraph at lines 1008--1008
[]\OT1/cmtt/m/n/10 ## Error in eval(expr, envir, enclos): object 'shap[]cashew[
]small' not

Overfull \hbox (59.24648pt too wide) in paragraph at lines 1024--1024
[]\OT1/cmtt/m/n/10 ## [1] "Wilcoxon-Mann-Whitney test: Null Hypothesis not reje
cted. P-value: 1"[] 

Overfull \hbox (59.24648pt too wide) in paragraph at lines 1024--1024
[]\OT1/cmtt/m/n/10 ## Number of Orbits for Except removeVar is  0.2777777777777
78 % greater than[] 
[57 <./figure/RH6_small-1.pdf>]
Overfull \hbox (15.0pt too wide) in paragraph at lines 1042--1043
[][] 
[58 <./figure/RH6_cashew_big-1.pdf>]
Overfull \hbox (52.52652pt too wide) in paragraph at lines 1055--1055
[]\OT1/cmtt/m/n/10 ## Error in shapiro.test(subset(json[]data, treatment == "ca
shewExceptReduce"

Overfull \hbox (15.0pt too wide) in paragraph at lines 1056--1057
[][] 

Overfull \hbox (15.0pt too wide) in paragraph at lines 1064--1065
[][] 
[59 <./figure/RH6_cashewExceptReduce_big-1.pdf>]
Overfull \hbox (9.05688pt too wide) in paragraph at lines 1067--1067
[]\OT1/cmtt/m/n/10 ## Error in eval(expr, envir, enclos): object 'shap[]cashew[
]big' not
(/usr/share/texmf/tex/latex/R/tex/latex/omscmtt.fd)
Overfull \hbox (38.74667pt too wide) in paragraph at lines 1077--1077
[]\OT1/cmtt/m/n/10 ## Error in if (wTest$p.value > alpha) \OMS/cmsy/b/n/10 f\OT
1/cmtt/m/n/10 : missing value where TRUE/FALSE
[60 <./figure/RH6_big-1.pdf>] [61]
Overfull \hbox (15.0pt too wide) in paragraph at lines 1152--1153
[][] 
[62 <./figure/overview_RH7-1.pdf>]
Overfull \hbox (52.52652pt too wide) in paragraph at lines 1165--1165
[]\OT1/cmtt/m/n/10 ## Error in shapiro.test(subset(json[]data, treatment == "ca
shewExceptRemove"

Overfull \hbox (15.0pt too wide) in paragraph at lines 1166--1167
[][] 
[63 <./figure/RH7_cashew_small-1.pdf>]
Overfull \hbox (15.0pt too wide) in paragraph at lines 1174--1175
[][] 
[64 <./figure/RH7_cashewExceptRemove_small-1.pdf>]
Overfull \hbox (19.5568pt too wide) in paragraph at lines 1177--1177
[]\OT1/cmtt/m/n/10 ## Error in eval(expr, envir, enclos): object 'shap[]cashew[
]small' not

Overfull \hbox (59.24648pt too wide) in paragraph at lines 1193--1193
[]\OT1/cmtt/m/n/10 ## [1] "Wilcoxon-Mann-Whitney test: Null Hypothesis not reje
cted. P-value: 1"[] 

Overfull \hbox (59.24648pt too wide) in paragraph at lines 1193--1193
[]\OT1/cmtt/m/n/10 ## Number of Orbits for Except removeConj is  7.222222222222
22 % greater than[] 
[65 <./figure/RH7_small-1.pdf>]
Overfull \hbox (15.0pt too wide) in paragraph at lines 1211--1212
[][] 
[66 <./figure/RH7_cashew_big-1.pdf>]
Overfull \hbox (52.52652pt too wide) in paragraph at lines 1224--1224
[]\OT1/cmtt/m/n/10 ## Error in shapiro.test(subset(json[]data, treatment == "ca
shewExceptRemove"

Overfull \hbox (15.0pt too wide) in paragraph at lines 1225--1226
[][] 

Overfull \hbox (15.0pt too wide) in paragraph at lines 1233--1234
[][] 
[67 <./figure/RH7_cashewExceptRemove_big-1.pdf>]
Overfull \hbox (9.05688pt too wide) in paragraph at lines 1236--1236
[]\OT1/cmtt/m/n/10 ## Error in eval(expr, envir, enclos): object 'shap[]cashew[
]big' not

Overfull \hbox (59.24648pt too wide) in paragraph at lines 1252--1252
[]\OT1/cmtt/m/n/10 ## [1] "Wilcoxon-Mann-Whitney test: Null Hypothesis not reje
cted. P-value: 1"[] 

Overfull \hbox (59.24648pt too wide) in paragraph at lines 1252--1252
[]\OT1/cmtt/m/n/10 ## Number of Orbits for Except removeConj is  17.64705882352
94 % greater than[] 
[68 <./figure/RH7_big-1.pdf>] [69]
Overfull \hbox (15.0pt too wide) in paragraph at lines 1319--1320
[][] 
[70 <./figure/overview_RH8-1.pdf>]
Overfull \hbox (73.52634pt too wide) in paragraph at lines 1332--1332
[]\OT1/cmtt/m/n/10 ## Error in shapiro.test(subset(json[]data, treatment == "ca
shewExceptRenameAlph"

Overfull \hbox (15.0pt too wide) in paragraph at lines 1333--1334
[][] 
[71 <./figure/RH8_cashew_small-1.pdf>]
Overfull \hbox (15.0pt too wide) in paragraph at lines 1341--1342
[][] 
[72 <./figure/RH8_cashewExceptRenameAlph_small-1.pdf>]
Overfull \hbox (19.5568pt too wide) in paragraph at lines 1344--1344
[]\OT1/cmtt/m/n/10 ## Error in eval(expr, envir, enclos): object 'shap[]cashew[
]small' not

Overfull \hbox (59.24648pt too wide) in paragraph at lines 1360--1360
[]\OT1/cmtt/m/n/10 ## [1] "Wilcoxon-Mann-Whitney test: Null Hypothesis not reje
cted. P-value: 1"[] 

Overfull \hbox (64.49643pt too wide) in paragraph at lines 1360--1360
[]\OT1/cmtt/m/n/10 ## Number of Orbits for Except rename alph is  133.611111111
111 % greater than[] 
[73 <./figure/RH8_small-1.pdf>]
Overfull \hbox (15.0pt too wide) in paragraph at lines 1378--1379
[][] 
[74 <./figure/RH8_cashew_big-1.pdf>]
Overfull \hbox (73.52634pt too wide) in paragraph at lines 1391--1391
[]\OT1/cmtt/m/n/10 ## Error in shapiro.test(subset(json[]data, treatment == "ca
shewExceptRenameAlph"

Overfull \hbox (15.0pt too wide) in paragraph at lines 1392--1393
[][] 

Overfull \hbox (15.0pt too wide) in paragraph at lines 1400--1401
[][] 
[75 <./figure/RH8_cashewExceptRenameAlph_big-1.pdf>]
Overfull \hbox (9.05688pt too wide) in paragraph at lines 1403--1403
[]\OT1/cmtt/m/n/10 ## Error in eval(expr, envir, enclos): object 'shap[]cashew[
]big' not

Overfull \hbox (59.24648pt too wide) in paragraph at lines 1419--1419
[]\OT1/cmtt/m/n/10 ## [1] "Wilcoxon-Mann-Whitney test: Null Hypothesis not reje
cted. P-value: 1"[] 

Overfull \hbox (64.49643pt too wide) in paragraph at lines 1419--1419
[]\OT1/cmtt/m/n/10 ## Number of Orbits for Except rename alph is  2.94117647058
824 % greater than[] 
[76 <./figure/RH8_big-1.pdf>] [77]
Overfull \hbox (15.0pt too wide) in paragraph at lines 1486--1487
[][] 
[78 <./figure/overview_RH9-1.pdf>]
Overfull \hbox (68.27638pt too wide) in paragraph at lines 1499--1499
[]\OT1/cmtt/m/n/10 ## Error in shapiro.test(subset(json[]data, treatment == "ca
shewExceptRenameVar"

Overfull \hbox (15.0pt too wide) in paragraph at lines 1500--1501
[][] 
[79 <./figure/RH9_cashew_small-1.pdf>]
Overfull \hbox (15.0pt too wide) in paragraph at lines 1508--1509
[][] 
[80 <./figure/RH9_cashewExceptRenameVar_small-1.pdf>]
Overfull \hbox (19.5568pt too wide) in paragraph at lines 1511--1511
[]\OT1/cmtt/m/n/10 ## Error in eval(expr, envir, enclos): object 'shap[]cashew[
]small' not

Overfull \hbox (59.24648pt too wide) in paragraph at lines 1527--1527
[]\OT1/cmtt/m/n/10 ## [1] "Wilcoxon-Mann-Whitney test: Null Hypothesis not reje
cted. P-value: 1"[] 

Overfull \hbox (59.24648pt too wide) in paragraph at lines 1527--1527
[]\OT1/cmtt/m/n/10 ## Number of Orbits for Except rename var is  2579.166666666
67 % greater than[] 
[81 <./figure/RH9_small-1.pdf>]
Overfull \hbox (15.0pt too wide) in paragraph at lines 1545--1546
[][] 
[82 <./figure/RH9_cashew_big-1.pdf>]
Overfull \hbox (68.27638pt too wide) in paragraph at lines 1558--1558
[]\OT1/cmtt/m/n/10 ## Error in shapiro.test(subset(json[]data, treatment == "ca
shewExceptRenameVar"

Overfull \hbox (15.0pt too wide) in paragraph at lines 1559--1560
[][] 

Overfull \hbox (15.0pt too wide) in paragraph at lines 1567--1568
[][] 
[83 <./figure/RH9_cashewExceptRenameVar_big-1.pdf>]
Overfull \hbox (9.05688pt too wide) in paragraph at lines 1570--1570
[]\OT1/cmtt/m/n/10 ## Error in eval(expr, envir, enclos): object 'shap[]cashew[
]big' not

Overfull \hbox (59.24648pt too wide) in paragraph at lines 1586--1586
[]\OT1/cmtt/m/n/10 ## [1] "Wilcoxon-Mann-Whitney test: Null Hypothesis not reje
cted. P-value: 1"[] 

Overfull \hbox (59.24648pt too wide) in paragraph at lines 1586--1586
[]\OT1/cmtt/m/n/10 ## Number of Orbits for Except rename var is  911.7647058823
53 % greater than[] 
[84 <./figure/RH9_big-1.pdf>] [85] [86] [87] [88] [89]
Overfull \hbox (27.74675pt too wide) in paragraph at lines 1952--1952
[]\OT1/cmtt/m/n/10 ## [1] methods   stats     graphics  grDevices utils     dat
asets  base[] 

Overfull \hbox (43.49661pt too wide) in paragraph at lines 1952--1952
[]\OT1/cmtt/m/n/10 ## [1] plyr_1.8.4       jsonlite_1.5     ggplot2_2.2.1    re
producer_0.1.9[] 
[90] (./cashew-orbits.aux) )
(see the transcript file for additional information)</usr/share/texlive/texmf-d
ist/fonts/type1/public/amsfonts/cm/cmbsy10.pfb></usr/share/texlive/texmf-dist/f
onts/type1/public/amsfonts/cm/cmbx10.pfb></usr/share/texlive/texmf-dist/fonts/t
ype1/public/amsfonts/cm/cmbx12.pfb></usr/share/texlive/texmf-dist/fonts/type1/p
ublic/amsfonts/cm/cmmib10.pfb></usr/share/texlive/texmf-dist/fonts/type1/public
/amsfonts/cm/cmr10.pfb></usr/share/texlive/texmf-dist/fonts/type1/public/amsfon
ts/cm/cmr12.pfb></usr/share/texlive/texmf-dist/fonts/type1/public/amsfonts/cm/c
mr17.pfb></usr/share/texlive/texmf-dist/fonts/type1/public/amsfonts/cm/cmtt10.p
fb>
Output written on cashew-orbits.pdf (90 pages, 473769 bytes).
Transcript written on cashew-orbits.log.
